2014-03-22 15:07:38,351 [ModalContext] WARN  o.e.m.i.discovery.MavenDiscovery - CatalogItem org.eclipse.m2e.discovery.lifecyclemapping.m2e-egit does not contain lifecycle mapping metadata
2014-03-22 15:07:38,361 [ModalContext] WARN  o.e.m.i.discovery.MavenDiscovery - CatalogItem org.eclipse.m2e.discovery.lifecyclemapping.m2e-subversive does not contain lifecycle mapping metadata
2014-03-22 15:07:38,362 [ModalContext] WARN  o.e.m.i.discovery.MavenDiscovery - CatalogItem org.eclipse.m2e.discovery.lifecyclemapping.m2e-subclipse does not contain lifecycle mapping metadata
2014-03-22 15:07:49,269 [Worker-0] INFO  o.e.m.c.i.l.LifecycleMappingFactory - Using NULL lifecycle mapping for MavenProject: ch.hsr.faith:faith-parent:0.0.5-SNAPSHOT @ /home/vetsch/FAITH-ServerComponent/faith-parent/pom.xml.
2014-03-22 15:07:49,666 [Worker-0] INFO  o.e.m.c.i.l.LifecycleMappingFactory - Using org.eclipse.m2e.jdt.JarLifecycleMapping lifecycle mapping for MavenProject: ch.hsr.faith:faith-domain:0.0.5-SNAPSHOT @ /home/vetsch/FAITH-ServerComponent/faith-domain/pom.xml.
2014-03-22 15:07:49,691 [Worker-0] INFO  o.e.m.c.i.l.LifecycleMappingFactory - Using org.eclipse.m2e.jdt.JarLifecycleMapping lifecycle mapping for MavenProject: ch.hsr.faith:faith-repository:0.0.5-SNAPSHOT @ /home/vetsch/FAITH-ServerComponent/faith-repository/pom.xml.
2014-03-22 15:07:49,869 [Worker-0] INFO  o.e.m.c.i.l.LifecycleMappingFactory - Using org.eclipse.m2e.jdt.JarLifecycleMapping lifecycle mapping for MavenProject: ch.hsr.faith:faith-service:0.0.5-SNAPSHOT @ /home/vetsch/FAITH-ServerComponent/faith-service/pom.xml.
2014-03-22 15:07:49,924 [Worker-0] INFO  o.e.m.c.i.l.LifecycleMappingFactory - Using org.maven.ide.eclipse.wtp.WarLifecycleMapping lifecycle mapping for MavenProject: ch.hsr.faith:faith-rest-application:0.0.5-SNAPSHOT @ /home/vetsch/FAITH-ServerComponent/faith-rest-application/pom.xml.
2014-03-22 15:07:50,909 [Worker-0] INFO  o.e.m.j.i.AbstractJavaProjectConfigurator - Adding source folder /faith-domain/src/main/java
2014-03-22 15:07:50,910 [Worker-0] INFO  o.e.m.j.i.AbstractJavaProjectConfigurator - Adding source folder /faith-domain/src/test/java
2014-03-22 15:07:51,473 [Worker-0] INFO  o.e.m.j.i.AbstractJavaProjectConfigurator - Adding source folder /faith-repository/src/main/java
2014-03-22 15:07:51,474 [Worker-0] INFO  o.e.m.j.i.AbstractJavaProjectConfigurator - Adding resource folder /faith-repository/src/main/resources
2014-03-22 15:07:51,479 [Worker-0] INFO  o.e.m.j.i.AbstractJavaProjectConfigurator - Adding source folder /faith-repository/src/test/java
2014-03-22 15:07:51,479 [Worker-0] INFO  o.e.m.j.i.AbstractJavaProjectConfigurator - Adding resource folder /faith-repository/src/test/resources
2014-03-22 15:07:51,499 [Worker-4] INFO  o.e.m.c.i.l.LifecycleMappingFactory - Using org.eclipse.m2e.jdt.JarLifecycleMapping lifecycle mapping for MavenProject: ch.hsr.faith:faith-domain:0.0.5-SNAPSHOT @ /home/vetsch/FAITH-ServerComponent/faith-domain/pom.xml.
2014-03-22 15:07:51,671 [Worker-4] INFO  o.e.m.c.i.l.LifecycleMappingFactory - Using NULL lifecycle mapping for MavenProject: ch.hsr.faith:faith-parent:0.0.5-SNAPSHOT @ /home/vetsch/FAITH-ServerComponent/faith-parent/pom.xml.
2014-03-22 15:07:51,722 [Worker-4] INFO  o.e.m.c.i.l.LifecycleMappingFactory - Using org.eclipse.m2e.jdt.JarLifecycleMapping lifecycle mapping for MavenProject: ch.hsr.faith:faith-repository:0.0.5-SNAPSHOT @ /home/vetsch/FAITH-ServerComponent/faith-repository/pom.xml.
2014-03-22 15:07:51,886 [Worker-4] INFO  o.e.m.c.i.l.LifecycleMappingFactory - Using org.maven.ide.eclipse.wtp.WarLifecycleMapping lifecycle mapping for MavenProject: ch.hsr.faith:faith-rest-application:0.0.5-SNAPSHOT @ /home/vetsch/FAITH-ServerComponent/faith-rest-application/pom.xml.
2014-03-22 15:07:51,998 [Worker-4] INFO  o.e.m.c.i.l.LifecycleMappingFactory - Using org.eclipse.m2e.jdt.JarLifecycleMapping lifecycle mapping for MavenProject: ch.hsr.faith:faith-service:0.0.5-SNAPSHOT @ /home/vetsch/FAITH-ServerComponent/faith-service/pom.xml.
2014-03-22 15:07:52,049 [Worker-4] INFO  o.e.m.c.i.l.LifecycleMappingFactory - Using org.eclipse.m2e.jdt.JarLifecycleMapping lifecycle mapping for MavenProject: ch.hsr.faith:faith-domain:0.0.5-SNAPSHOT @ /home/vetsch/FAITH-ServerComponent/faith-domain/pom.xml.
2014-03-22 15:07:52,374 [Worker-4] INFO  o.e.m.c.i.l.LifecycleMappingFactory - Using org.eclipse.m2e.jdt.JarLifecycleMapping lifecycle mapping for MavenProject: ch.hsr.faith:faith-repository:0.0.5-SNAPSHOT @ /home/vetsch/FAITH-ServerComponent/faith-repository/pom.xml.
2014-03-22 15:07:52,399 [Worker-0] INFO  o.e.m.j.i.AbstractJavaProjectConfigurator - Adding source folder /faith-service/src/main/java
2014-03-22 15:07:52,399 [Worker-0] INFO  o.e.m.j.i.AbstractJavaProjectConfigurator - Adding resource folder /faith-service/src/main/resources
2014-03-22 15:07:52,403 [Worker-0] INFO  o.e.m.j.i.AbstractJavaProjectConfigurator - Adding source folder /faith-service/src/test/java
2014-03-22 15:07:52,403 [Worker-0] INFO  o.e.m.j.i.AbstractJavaProjectConfigurator - Adding resource folder /faith-service/src/test/resources
2014-03-22 15:07:52,538 [Worker-0] INFO  o.e.m.j.i.AbstractJavaProjectConfigurator - Adding source folder /faith-rest-application/src/main/java
2014-03-22 15:07:52,539 [Worker-0] INFO  o.e.m.j.i.AbstractJavaProjectConfigurator - Adding resource folder /faith-rest-application/src/main/resources
2014-03-22 15:07:52,543 [Worker-0] INFO  o.e.m.j.i.AbstractJavaProjectConfigurator - Adding source folder /faith-rest-application/src/test/java
2014-03-22 15:07:52,544 [Worker-0] INFO  o.e.m.j.i.AbstractJavaProjectConfigurator - Adding resource folder /faith-rest-application/src/test/resources
2014-03-22 15:07:52,589 [Worker-4] INFO  o.e.m.c.i.l.LifecycleMappingFactory - Using org.maven.ide.eclipse.wtp.WarLifecycleMapping lifecycle mapping for MavenProject: ch.hsr.faith:faith-rest-application:0.0.5-SNAPSHOT @ /home/vetsch/FAITH-ServerComponent/faith-rest-application/pom.xml.
2014-03-22 15:07:52,838 [Worker-4] INFO  o.e.m.c.i.l.LifecycleMappingFactory - Using org.eclipse.m2e.jdt.JarLifecycleMapping lifecycle mapping for MavenProject: ch.hsr.faith:faith-service:0.0.5-SNAPSHOT @ /home/vetsch/FAITH-ServerComponent/faith-service/pom.xml.
2014-03-22 15:07:54,370 [Worker-0] INFO  o.e.m.c.i.p.ProjectConfigurationManager - Project import completed 5 sec
2014-03-22 15:07:57,772 [Worker-10] INFO  o.e.m.c.i.p.ProjectConfigurationManager - Update started
2014-03-22 15:07:57,773 [Worker-10] INFO  o.e.m.c.i.p.ProjectConfigurationManager - Update completed: 0 sec
2014-03-22 15:08:02,086 [Worker-2] INFO  o.e.m.c.i.l.LifecycleMappingFactory - Using org.eclipse.m2e.jdt.JarLifecycleMapping lifecycle mapping for MavenProject: ch.hsr.faith:faith-domain:0.0.5-SNAPSHOT @ /home/vetsch/FAITH-ServerComponent/faith-domain/pom.xml.
2014-03-22 15:08:02,333 [Worker-2] INFO  o.e.m.c.i.embedder.EclipseLogger - Using 'UTF-8' encoding to copy filtered resources.
2014-03-22 15:08:02,333 [Worker-2] INFO  o.e.m.c.i.embedder.EclipseLogger - skip non existing resourceDirectory /home/vetsch/FAITH-ServerComponent/faith-domain/src/main/resources
2014-03-22 15:08:02,346 [Worker-2] INFO  o.e.m.c.i.embedder.EclipseLogger - Using 'UTF-8' encoding to copy filtered resources.
2014-03-22 15:08:02,346 [Worker-2] INFO  o.e.m.c.i.embedder.EclipseLogger - skip non existing resourceDirectory /home/vetsch/FAITH-ServerComponent/faith-domain/src/test/resources
2014-03-22 15:08:04,528 [Worker-2] INFO  o.e.m.c.i.l.LifecycleMappingFactory - Using org.eclipse.m2e.jdt.JarLifecycleMapping lifecycle mapping for MavenProject: ch.hsr.faith:faith-repository:0.0.5-SNAPSHOT @ /home/vetsch/FAITH-ServerComponent/faith-repository/pom.xml.
2014-03-22 15:08:05,019 [Worker-2] INFO  o.e.m.c.i.embedder.EclipseLogger - Using 'UTF-8' encoding to copy filtered resources.
2014-03-22 15:08:05,036 [Worker-2] INFO  o.e.m.c.i.embedder.EclipseLogger - Copying 1 resource
2014-03-22 15:08:05,054 [Worker-2] INFO  o.e.m.c.i.embedder.EclipseLogger - Using 'UTF-8' encoding to copy filtered resources.
2014-03-22 15:08:05,056 [Worker-2] INFO  o.e.m.c.i.embedder.EclipseLogger - Copying 3 resources
2014-03-22 15:08:05,682 [Worker-3] INFO  o.e.m.c.i.l.LifecycleMappingFactory - Using org.eclipse.m2e.jdt.JarLifecycleMapping lifecycle mapping for MavenProject: ch.hsr.faith:faith-service:0.0.5-SNAPSHOT @ /home/vetsch/FAITH-ServerComponent/faith-service/pom.xml.
2014-03-22 15:08:06,050 [Worker-3] INFO  o.e.m.c.i.embedder.EclipseLogger - Using 'UTF-8' encoding to copy filtered resources.
2014-03-22 15:08:06,051 [Worker-3] INFO  o.e.m.c.i.embedder.EclipseLogger - Copying 1 resource
2014-03-22 15:08:06,054 [Worker-3] INFO  o.e.m.c.i.embedder.EclipseLogger - Using 'UTF-8' encoding to copy filtered resources.
2014-03-22 15:08:06,054 [Worker-3] INFO  o.e.m.c.i.embedder.EclipseLogger - Copying 1 resource
2014-03-22 15:08:07,354 [Worker-11] INFO  o.e.m.c.i.l.LifecycleMappingFactory - Using org.maven.ide.eclipse.wtp.WarLifecycleMapping lifecycle mapping for MavenProject: ch.hsr.faith:faith-rest-application:0.0.5-SNAPSHOT @ /home/vetsch/FAITH-ServerComponent/faith-rest-application/pom.xml.
2014-03-22 15:08:08,254 [Worker-11] INFO  o.e.m.c.i.embedder.EclipseLogger - Using 'UTF-8' encoding to copy filtered resources.
2014-03-22 15:08:08,256 [Worker-11] INFO  o.e.m.c.i.embedder.EclipseLogger - Copying 1 resource
2014-03-22 15:08:08,258 [Worker-11] INFO  o.e.m.c.i.embedder.EclipseLogger - Using 'UTF-8' encoding to copy filtered resources.
2014-03-22 15:08:08,259 [Worker-11] INFO  o.e.m.c.i.embedder.EclipseLogger - Copying 1 resource
2014-03-22 15:11:24,601 [Worker-4] INFO  o.e.m.c.i.embedder.EclipseLogger - Using 'UTF-8' encoding to copy filtered resources.
2014-03-22 15:11:24,601 [Worker-4] INFO  o.e.m.c.i.embedder.EclipseLogger - skip non existing resourceDirectory /home/vetsch/FAITH-ServerComponent/faith-domain/src/main/resources
2014-03-22 15:11:24,603 [Worker-4] INFO  o.e.m.c.i.embedder.EclipseLogger - Using 'UTF-8' encoding to copy filtered resources.
2014-03-22 15:11:24,603 [Worker-4] INFO  o.e.m.c.i.embedder.EclipseLogger - skip non existing resourceDirectory /home/vetsch/FAITH-ServerComponent/faith-domain/src/test/resources
2014-03-22 15:12:34,885 [Worker-12] INFO  o.e.m.c.i.embedder.EclipseLogger - Using 'UTF-8' encoding to copy filtered resources.
2014-03-22 15:12:34,885 [Worker-12] INFO  o.e.m.c.i.embedder.EclipseLogger - skip non existing resourceDirectory /home/vetsch/FAITH-ServerComponent/faith-domain/src/main/resources
2014-03-22 15:12:34,887 [Worker-12] INFO  o.e.m.c.i.embedder.EclipseLogger - Using 'UTF-8' encoding to copy filtered resources.
2014-03-22 15:12:34,887 [Worker-12] INFO  o.e.m.c.i.embedder.EclipseLogger - skip non existing resourceDirectory /home/vetsch/FAITH-ServerComponent/faith-domain/src/test/resources
2014-03-22 15:13:21,773 [Worker-6] INFO  o.e.m.c.i.embedder.EclipseLogger - Using 'UTF-8' encoding to copy filtered resources.
2014-03-22 15:13:21,773 [Worker-6] INFO  o.e.m.c.i.embedder.EclipseLogger - skip non existing resourceDirectory /home/vetsch/FAITH-ServerComponent/faith-domain/src/main/resources
2014-03-22 15:13:21,775 [Worker-6] INFO  o.e.m.c.i.embedder.EclipseLogger - Using 'UTF-8' encoding to copy filtered resources.
2014-03-22 15:13:21,775 [Worker-6] INFO  o.e.m.c.i.embedder.EclipseLogger - skip non existing resourceDirectory /home/vetsch/FAITH-ServerComponent/faith-domain/src/test/resources
2014-03-22 15:13:30,348 [Worker-6] INFO  o.e.m.c.i.embedder.EclipseLogger - Using 'UTF-8' encoding to copy filtered resources.
2014-03-22 15:13:30,348 [Worker-6] INFO  o.e.m.c.i.embedder.EclipseLogger - skip non existing resourceDirectory /home/vetsch/FAITH-ServerComponent/faith-domain/src/main/resources
2014-03-22 15:13:30,353 [Worker-6] INFO  o.e.m.c.i.embedder.EclipseLogger - Using 'UTF-8' encoding to copy filtered resources.
2014-03-22 15:13:30,353 [Worker-6] INFO  o.e.m.c.i.embedder.EclipseLogger - skip non existing resourceDirectory /home/vetsch/FAITH-ServerComponent/faith-domain/src/test/resources
2014-03-22 15:13:44,580 [Worker-4] INFO  o.e.m.c.i.embedder.EclipseLogger - Using 'UTF-8' encoding to copy filtered resources.
2014-03-22 15:13:44,580 [Worker-4] INFO  o.e.m.c.i.embedder.EclipseLogger - skip non existing resourceDirectory /home/vetsch/FAITH-ServerComponent/faith-domain/src/main/resources
2014-03-22 15:13:44,582 [Worker-4] INFO  o.e.m.c.i.embedder.EclipseLogger - Using 'UTF-8' encoding to copy filtered resources.
2014-03-22 15:13:44,582 [Worker-4] INFO  o.e.m.c.i.embedder.EclipseLogger - skip non existing resourceDirectory /home/vetsch/FAITH-ServerComponent/faith-domain/src/test/resources
2014-03-22 15:14:58,675 [Worker-6] INFO  o.e.m.c.i.embedder.EclipseLogger - Using 'UTF-8' encoding to copy filtered resources.
2014-03-22 15:14:58,682 [Worker-6] INFO  o.e.m.c.i.embedder.EclipseLogger - Copying 1 resource
2014-03-22 15:14:58,684 [Worker-6] INFO  o.e.m.c.i.embedder.EclipseLogger - Using 'UTF-8' encoding to copy filtered resources.
2014-03-22 15:14:58,685 [Worker-6] INFO  o.e.m.c.i.embedder.EclipseLogger - Copying 0 resource
2014-03-22 15:15:10,751 [Worker-5] INFO  o.e.m.c.i.embedder.EclipseLogger - Using 'UTF-8' encoding to copy filtered resources.
2014-03-22 15:15:10,752 [Worker-5] INFO  o.e.m.c.i.embedder.EclipseLogger - Copying 1 resource
2014-03-22 15:15:10,754 [Worker-5] INFO  o.e.m.c.i.embedder.EclipseLogger - Using 'UTF-8' encoding to copy filtered resources.
2014-03-22 15:15:10,754 [Worker-5] INFO  o.e.m.c.i.embedder.EclipseLogger - Copying 0 resource
2014-03-22 15:15:25,093 [Worker-5] INFO  o.e.m.c.i.embedder.EclipseLogger - Using 'UTF-8' encoding to copy filtered resources.
2014-03-22 15:15:25,094 [Worker-5] INFO  o.e.m.c.i.embedder.EclipseLogger - Copying 1 resource
2014-03-22 15:15:25,097 [Worker-5] INFO  o.e.m.c.i.embedder.EclipseLogger - Using 'UTF-8' encoding to copy filtered resources.
2014-03-22 15:15:25,097 [Worker-5] INFO  o.e.m.c.i.embedder.EclipseLogger - Copying 0 resource
2014-03-22 15:15:32,699 [Worker-6] INFO  o.e.m.c.i.embedder.EclipseLogger - Using 'UTF-8' encoding to copy filtered resources.
2014-03-22 15:15:32,701 [Worker-6] INFO  o.e.m.c.i.embedder.EclipseLogger - Copying 1 resource
2014-03-22 15:15:32,703 [Worker-6] INFO  o.e.m.c.i.embedder.EclipseLogger - Using 'UTF-8' encoding to copy filtered resources.
2014-03-22 15:15:32,704 [Worker-6] INFO  o.e.m.c.i.embedder.EclipseLogger - Copying 0 resource
2014-03-22 15:15:43,053 [Worker-5] INFO  o.e.m.c.i.embedder.EclipseLogger - Using 'UTF-8' encoding to copy filtered resources.
2014-03-22 15:15:43,055 [Worker-5] INFO  o.e.m.c.i.embedder.EclipseLogger - Copying 1 resource
2014-03-22 15:15:43,057 [Worker-5] INFO  o.e.m.c.i.embedder.EclipseLogger - Using 'UTF-8' encoding to copy filtered resources.
2014-03-22 15:15:43,057 [Worker-5] INFO  o.e.m.c.i.embedder.EclipseLogger - Copying 0 resource
2014-03-22 15:15:48,007 [Worker-9] INFO  o.e.m.c.i.embedder.EclipseLogger - Using 'UTF-8' encoding to copy filtered resources.
2014-03-22 15:15:48,008 [Worker-9] INFO  o.e.m.c.i.embedder.EclipseLogger - Copying 1 resource
2014-03-22 15:15:48,010 [Worker-9] INFO  o.e.m.c.i.embedder.EclipseLogger - Using 'UTF-8' encoding to copy filtered resources.
2014-03-22 15:15:48,010 [Worker-9] INFO  o.e.m.c.i.embedder.EclipseLogger - Copying 0 resource
2014-03-22 15:16:11,756 [Worker-4] INFO  o.e.m.c.i.embedder.EclipseLogger - Using 'UTF-8' encoding to copy filtered resources.
2014-03-22 15:16:11,758 [Worker-4] INFO  o.e.m.c.i.embedder.EclipseLogger - Copying 1 resource
2014-03-22 15:16:11,762 [Worker-4] INFO  o.e.m.c.i.embedder.EclipseLogger - Using 'UTF-8' encoding to copy filtered resources.
2014-03-22 15:16:11,763 [Worker-4] INFO  o.e.m.c.i.embedder.EclipseLogger - Copying 0 resource
2014-03-22 15:16:17,552 [Worker-12] INFO  o.e.m.c.i.embedder.EclipseLogger - Using 'UTF-8' encoding to copy filtered resources.
2014-03-22 15:16:17,553 [Worker-12] INFO  o.e.m.c.i.embedder.EclipseLogger - Copying 1 resource
2014-03-22 15:16:17,555 [Worker-12] INFO  o.e.m.c.i.embedder.EclipseLogger - Using 'UTF-8' encoding to copy filtered resources.
2014-03-22 15:16:17,555 [Worker-12] INFO  o.e.m.c.i.embedder.EclipseLogger - Copying 0 resource
2014-03-22 15:16:43,577 [Worker-5] INFO  o.e.m.c.i.embedder.EclipseLogger - Using 'UTF-8' encoding to copy filtered resources.
2014-03-22 15:16:43,578 [Worker-5] INFO  o.e.m.c.i.embedder.EclipseLogger - Copying 1 resource
2014-03-22 15:16:43,580 [Worker-5] INFO  o.e.m.c.i.embedder.EclipseLogger - Using 'UTF-8' encoding to copy filtered resources.
2014-03-22 15:16:43,581 [Worker-5] INFO  o.e.m.c.i.embedder.EclipseLogger - Copying 0 resource
2014-03-22 15:17:01,418 [Worker-6] INFO  o.e.m.c.i.embedder.EclipseLogger - Using 'UTF-8' encoding to copy filtered resources.
2014-03-22 15:17:01,420 [Worker-6] INFO  o.e.m.c.i.embedder.EclipseLogger - Copying 1 resource
2014-03-22 15:17:01,424 [Worker-6] INFO  o.e.m.c.i.embedder.EclipseLogger - Using 'UTF-8' encoding to copy filtered resources.
2014-03-22 15:17:01,424 [Worker-6] INFO  o.e.m.c.i.embedder.EclipseLogger - Copying 0 resource
2014-03-22 15:17:04,511 [Worker-9] INFO  o.e.m.c.i.embedder.EclipseLogger - Using 'UTF-8' encoding to copy filtered resources.
2014-03-22 15:17:04,512 [Worker-9] INFO  o.e.m.c.i.embedder.EclipseLogger - Copying 1 resource
2014-03-22 15:17:04,514 [Worker-9] INFO  o.e.m.c.i.embedder.EclipseLogger - Using 'UTF-8' encoding to copy filtered resources.
2014-03-22 15:17:04,514 [Worker-9] INFO  o.e.m.c.i.embedder.EclipseLogger - Copying 0 resource
2014-03-22 15:17:22,844 [Worker-13] INFO  o.e.m.c.i.embedder.EclipseLogger - Using 'UTF-8' encoding to copy filtered resources.
2014-03-22 15:17:22,845 [Worker-13] INFO  o.e.m.c.i.embedder.EclipseLogger - Copying 1 resource
2014-03-22 15:17:22,847 [Worker-13] INFO  o.e.m.c.i.embedder.EclipseLogger - Using 'UTF-8' encoding to copy filtered resources.
2014-03-22 15:17:22,848 [Worker-13] INFO  o.e.m.c.i.embedder.EclipseLogger - Copying 0 resource
2014-03-22 15:17:37,001 [Worker-9] INFO  o.e.m.c.i.embedder.EclipseLogger - Using 'UTF-8' encoding to copy filtered resources.
2014-03-22 15:17:37,002 [Worker-9] INFO  o.e.m.c.i.embedder.EclipseLogger - Copying 1 resource
2014-03-22 15:17:37,003 [Worker-9] INFO  o.e.m.c.i.embedder.EclipseLogger - Using 'UTF-8' encoding to copy filtered resources.
2014-03-22 15:17:37,004 [Worker-9] INFO  o.e.m.c.i.embedder.EclipseLogger - Copying 0 resource
2014-03-22 15:17:40,641 [Worker-12] INFO  o.e.m.c.i.embedder.EclipseLogger - Using 'UTF-8' encoding to copy filtered resources.
2014-03-22 15:17:40,642 [Worker-12] INFO  o.e.m.c.i.embedder.EclipseLogger - Copying 1 resource
2014-03-22 15:17:40,645 [Worker-12] INFO  o.e.m.c.i.embedder.EclipseLogger - Using 'UTF-8' encoding to copy filtered resources.
2014-03-22 15:17:40,645 [Worker-12] INFO  o.e.m.c.i.embedder.EclipseLogger - Copying 0 resource
2014-03-22 15:18:02,674 [Worker-9] INFO  o.e.m.c.i.embedder.EclipseLogger - Using 'UTF-8' encoding to copy filtered resources.
2014-03-22 15:18:02,675 [Worker-9] INFO  o.e.m.c.i.embedder.EclipseLogger - Copying 1 resource
2014-03-22 15:18:02,677 [Worker-9] INFO  o.e.m.c.i.embedder.EclipseLogger - Using 'UTF-8' encoding to copy filtered resources.
2014-03-22 15:18:02,677 [Worker-9] INFO  o.e.m.c.i.embedder.EclipseLogger - Copying 0 resource
2014-03-22 15:18:14,665 [Worker-11] INFO  o.e.m.c.i.embedder.EclipseLogger - Using 'UTF-8' encoding to copy filtered resources.
2014-03-22 15:18:14,666 [Worker-11] INFO  o.e.m.c.i.embedder.EclipseLogger - Copying 1 resource
2014-03-22 15:18:14,669 [Worker-11] INFO  o.e.m.c.i.embedder.EclipseLogger - Using 'UTF-8' encoding to copy filtered resources.
2014-03-22 15:18:14,669 [Worker-11] INFO  o.e.m.c.i.embedder.EclipseLogger - Copying 0 resource
2014-03-22 15:18:18,926 [Worker-9] INFO  o.e.m.c.i.embedder.EclipseLogger - Using 'UTF-8' encoding to copy filtered resources.
2014-03-22 15:18:18,927 [Worker-9] INFO  o.e.m.c.i.embedder.EclipseLogger - Copying 1 resource
2014-03-22 15:18:18,929 [Worker-9] INFO  o.e.m.c.i.embedder.EclipseLogger - Using 'UTF-8' encoding to copy filtered resources.
2014-03-22 15:18:18,930 [Worker-9] INFO  o.e.m.c.i.embedder.EclipseLogger - Copying 0 resource
2014-03-22 15:18:52,485 [Worker-11] INFO  o.e.m.c.i.embedder.EclipseLogger - Using 'UTF-8' encoding to copy filtered resources.
2014-03-22 15:18:52,487 [Worker-11] INFO  o.e.m.c.i.embedder.EclipseLogger - Copying 1 resource
2014-03-22 15:18:52,489 [Worker-11] INFO  o.e.m.c.i.embedder.EclipseLogger - Using 'UTF-8' encoding to copy filtered resources.
2014-03-22 15:18:52,489 [Worker-11] INFO  o.e.m.c.i.embedder.EclipseLogger - Copying 0 resource
2014-03-22 15:19:01,135 [Worker-6] INFO  o.e.m.c.i.embedder.EclipseLogger - Using 'UTF-8' encoding to copy filtered resources.
2014-03-22 15:19:01,136 [Worker-6] INFO  o.e.m.c.i.embedder.EclipseLogger - Copying 1 resource
2014-03-22 15:19:01,138 [Worker-6] INFO  o.e.m.c.i.embedder.EclipseLogger - Using 'UTF-8' encoding to copy filtered resources.
2014-03-22 15:19:01,138 [Worker-6] INFO  o.e.m.c.i.embedder.EclipseLogger - Copying 0 resource
2014-03-22 15:19:18,004 [Worker-14] INFO  o.e.m.c.i.embedder.EclipseLogger - Using 'UTF-8' encoding to copy filtered resources.
2014-03-22 15:19:18,005 [Worker-14] INFO  o.e.m.c.i.embedder.EclipseLogger - Copying 1 resource
2014-03-22 15:19:18,007 [Worker-14] INFO  o.e.m.c.i.embedder.EclipseLogger - Using 'UTF-8' encoding to copy filtered resources.
2014-03-22 15:19:18,007 [Worker-14] INFO  o.e.m.c.i.embedder.EclipseLogger - Copying 0 resource
2014-03-22 15:19:21,445 [Worker-12] INFO  o.e.m.c.i.embedder.EclipseLogger - Using 'UTF-8' encoding to copy filtered resources.
2014-03-22 15:19:21,446 [Worker-12] INFO  o.e.m.c.i.embedder.EclipseLogger - Copying 1 resource
2014-03-22 15:19:21,447 [Worker-12] INFO  o.e.m.c.i.embedder.EclipseLogger - Using 'UTF-8' encoding to copy filtered resources.
2014-03-22 15:19:21,448 [Worker-12] INFO  o.e.m.c.i.embedder.EclipseLogger - Copying 0 resource
2014-03-22 15:19:41,774 [Worker-4] INFO  o.e.m.c.i.embedder.EclipseLogger - Using 'UTF-8' encoding to copy filtered resources.
2014-03-22 15:19:41,775 [Worker-4] INFO  o.e.m.c.i.embedder.EclipseLogger - Copying 1 resource
2014-03-22 15:19:41,776 [Worker-4] INFO  o.e.m.c.i.embedder.EclipseLogger - Using 'UTF-8' encoding to copy filtered resources.
2014-03-22 15:19:41,776 [Worker-4] INFO  o.e.m.c.i.embedder.EclipseLogger - Copying 0 resource
2014-03-22 15:19:43,229 [Worker-11] INFO  o.e.m.c.i.embedder.EclipseLogger - Using 'UTF-8' encoding to copy filtered resources.
2014-03-22 15:19:43,229 [Worker-11] INFO  o.e.m.c.i.embedder.EclipseLogger - Copying 1 resource
2014-03-22 15:19:43,230 [Worker-11] INFO  o.e.m.c.i.embedder.EclipseLogger - Using 'UTF-8' encoding to copy filtered resources.
2014-03-22 15:19:43,230 [Worker-11] INFO  o.e.m.c.i.embedder.EclipseLogger - Copying 0 resource
2014-03-22 15:20:15,152 [Worker-6] INFO  o.e.m.c.i.embedder.EclipseLogger - Using 'UTF-8' encoding to copy filtered resources.
2014-03-22 15:20:15,153 [Worker-6] INFO  o.e.m.c.i.embedder.EclipseLogger - Copying 1 resource
2014-03-22 15:20:15,155 [Worker-6] INFO  o.e.m.c.i.embedder.EclipseLogger - Using 'UTF-8' encoding to copy filtered resources.
2014-03-22 15:20:15,155 [Worker-6] INFO  o.e.m.c.i.embedder.EclipseLogger - Copying 0 resource
2014-03-22 15:20:16,415 [Worker-9] INFO  o.e.m.c.i.embedder.EclipseLogger - Using 'UTF-8' encoding to copy filtered resources.
2014-03-22 15:20:16,416 [Worker-9] INFO  o.e.m.c.i.embedder.EclipseLogger - Copying 1 resource
2014-03-22 15:20:16,417 [Worker-9] INFO  o.e.m.c.i.embedder.EclipseLogger - Using 'UTF-8' encoding to copy filtered resources.
2014-03-22 15:20:16,417 [Worker-9] INFO  o.e.m.c.i.embedder.EclipseLogger - Copying 0 resource
2014-03-22 15:20:18,812 [Worker-5] INFO  o.e.m.c.i.embedder.EclipseLogger - Using 'UTF-8' encoding to copy filtered resources.
2014-03-22 15:20:18,812 [Worker-5] INFO  o.e.m.c.i.embedder.EclipseLogger - Copying 1 resource
2014-03-22 15:20:18,814 [Worker-5] INFO  o.e.m.c.i.embedder.EclipseLogger - Using 'UTF-8' encoding to copy filtered resources.
2014-03-22 15:20:18,814 [Worker-5] INFO  o.e.m.c.i.embedder.EclipseLogger - Copying 0 resource
2014-03-22 15:20:49,260 [Worker-4] INFO  o.e.m.c.i.embedder.EclipseLogger - Using 'UTF-8' encoding to copy filtered resources.
2014-03-22 15:20:49,260 [Worker-4] INFO  o.e.m.c.i.embedder.EclipseLogger - Copying 1 resource
2014-03-22 15:20:49,262 [Worker-4] INFO  o.e.m.c.i.embedder.EclipseLogger - Using 'UTF-8' encoding to copy filtered resources.
2014-03-22 15:20:49,262 [Worker-4] INFO  o.e.m.c.i.embedder.EclipseLogger - Copying 0 resource
2014-03-22 15:21:19,947 [Worker-15] INFO  o.e.m.c.i.embedder.EclipseLogger - Using 'UTF-8' encoding to copy filtered resources.
2014-03-22 15:21:19,947 [Worker-15] INFO  o.e.m.c.i.embedder.EclipseLogger - Copying 1 resource
2014-03-22 15:21:19,950 [Worker-15] INFO  o.e.m.c.i.embedder.EclipseLogger - Using 'UTF-8' encoding to copy filtered resources.
2014-03-22 15:21:19,950 [Worker-15] INFO  o.e.m.c.i.embedder.EclipseLogger - Copying 0 resource
2014-03-22 15:21:36,303 [Worker-4] INFO  o.e.m.c.i.embedder.EclipseLogger - Using 'UTF-8' encoding to copy filtered resources.
2014-03-22 15:21:36,304 [Worker-4] INFO  o.e.m.c.i.embedder.EclipseLogger - Copying 1 resource
2014-03-22 15:21:36,307 [Worker-4] INFO  o.e.m.c.i.embedder.EclipseLogger - Using 'UTF-8' encoding to copy filtered resources.
2014-03-22 15:21:36,307 [Worker-4] INFO  o.e.m.c.i.embedder.EclipseLogger - Copying 0 resource
2014-03-22 15:21:47,975 [Worker-11] INFO  o.e.m.c.i.embedder.EclipseLogger - Using 'UTF-8' encoding to copy filtered resources.
2014-03-22 15:21:47,976 [Worker-11] INFO  o.e.m.c.i.embedder.EclipseLogger - Copying 1 resource
2014-03-22 15:21:47,978 [Worker-11] INFO  o.e.m.c.i.embedder.EclipseLogger - Using 'UTF-8' encoding to copy filtered resources.
2014-03-22 15:21:47,978 [Worker-11] INFO  o.e.m.c.i.embedder.EclipseLogger - Copying 0 resource
2014-03-22 15:22:24,932 [Worker-11] INFO  o.e.m.c.i.embedder.EclipseLogger - Using 'UTF-8' encoding to copy filtered resources.
2014-03-22 15:22:24,933 [Worker-11] INFO  o.e.m.c.i.embedder.EclipseLogger - Copying 1 resource
2014-03-22 15:22:24,934 [Worker-11] INFO  o.e.m.c.i.embedder.EclipseLogger - Using 'UTF-8' encoding to copy filtered resources.
2014-03-22 15:22:24,935 [Worker-11] INFO  o.e.m.c.i.embedder.EclipseLogger - Copying 0 resource
2014-03-22 15:22:38,234 [Worker-12] INFO  o.e.m.c.i.embedder.EclipseLogger - Using 'UTF-8' encoding to copy filtered resources.
2014-03-22 15:22:38,234 [Worker-12] INFO  o.e.m.c.i.embedder.EclipseLogger - Copying 1 resource
2014-03-22 15:22:38,236 [Worker-12] INFO  o.e.m.c.i.embedder.EclipseLogger - Using 'UTF-8' encoding to copy filtered resources.
2014-03-22 15:22:38,236 [Worker-12] INFO  o.e.m.c.i.embedder.EclipseLogger - Copying 0 resource
2014-03-22 15:22:58,958 [Worker-9] INFO  o.e.m.c.i.embedder.EclipseLogger - Using 'UTF-8' encoding to copy filtered resources.
2014-03-22 15:22:58,959 [Worker-9] INFO  o.e.m.c.i.embedder.EclipseLogger - Copying 1 resource
2014-03-22 15:22:58,960 [Worker-9] INFO  o.e.m.c.i.embedder.EclipseLogger - Using 'UTF-8' encoding to copy filtered resources.
2014-03-22 15:22:58,961 [Worker-9] INFO  o.e.m.c.i.embedder.EclipseLogger - Copying 0 resource
2014-03-22 15:23:17,707 [Worker-12] INFO  o.e.m.c.i.embedder.EclipseLogger - Using 'UTF-8' encoding to copy filtered resources.
2014-03-22 15:23:17,708 [Worker-12] INFO  o.e.m.c.i.embedder.EclipseLogger - Copying 1 resource
2014-03-22 15:23:17,709 [Worker-12] INFO  o.e.m.c.i.embedder.EclipseLogger - Using 'UTF-8' encoding to copy filtered resources.
2014-03-22 15:23:17,709 [Worker-12] INFO  o.e.m.c.i.embedder.EclipseLogger - Copying 0 resource
2014-03-22 15:23:53,650 [Worker-14] INFO  o.e.m.c.i.embedder.EclipseLogger - Using 'UTF-8' encoding to copy filtered resources.
2014-03-22 15:23:53,651 [Worker-14] INFO  o.e.m.c.i.embedder.EclipseLogger - Copying 1 resource
2014-03-22 15:23:53,652 [Worker-14] INFO  o.e.m.c.i.embedder.EclipseLogger - Using 'UTF-8' encoding to copy filtered resources.
2014-03-22 15:23:53,653 [Worker-14] INFO  o.e.m.c.i.embedder.EclipseLogger - Copying 0 resource
2014-03-22 15:24:05,594 [Worker-11] INFO  o.e.m.c.i.embedder.EclipseLogger - Using 'UTF-8' encoding to copy filtered resources.
2014-03-22 15:24:05,595 [Worker-11] INFO  o.e.m.c.i.embedder.EclipseLogger - Copying 1 resource
2014-03-22 15:24:05,596 [Worker-11] INFO  o.e.m.c.i.embedder.EclipseLogger - Using 'UTF-8' encoding to copy filtered resources.
2014-03-22 15:24:05,596 [Worker-11] INFO  o.e.m.c.i.embedder.EclipseLogger - Copying 0 resource
2014-03-22 15:24:24,849 [Worker-15] INFO  o.e.m.c.i.embedder.EclipseLogger - Using 'UTF-8' encoding to copy filtered resources.
2014-03-22 15:24:24,850 [Worker-15] INFO  o.e.m.c.i.embedder.EclipseLogger - Copying 1 resource
2014-03-22 15:24:24,851 [Worker-15] INFO  o.e.m.c.i.embedder.EclipseLogger - Using 'UTF-8' encoding to copy filtered resources.
2014-03-22 15:24:24,852 [Worker-15] INFO  o.e.m.c.i.embedder.EclipseLogger - Copying 0 resource
2014-03-22 15:24:45,037 [Worker-11] INFO  o.e.m.c.i.embedder.EclipseLogger - Using 'UTF-8' encoding to copy filtered resources.
2014-03-22 15:24:45,038 [Worker-11] INFO  o.e.m.c.i.embedder.EclipseLogger - Copying 1 resource
2014-03-22 15:24:45,040 [Worker-11] INFO  o.e.m.c.i.embedder.EclipseLogger - Using 'UTF-8' encoding to copy filtered resources.
2014-03-22 15:24:45,040 [Worker-11] INFO  o.e.m.c.i.embedder.EclipseLogger - Copying 0 resource
2014-03-22 15:25:39,731 [Worker-4] INFO  o.e.m.c.i.embedder.EclipseLogger - Using 'UTF-8' encoding to copy filtered resources.
2014-03-22 15:25:39,732 [Worker-4] INFO  o.e.m.c.i.embedder.EclipseLogger - Copying 1 resource
2014-03-22 15:25:39,733 [Worker-4] INFO  o.e.m.c.i.embedder.EclipseLogger - Using 'UTF-8' encoding to copy filtered resources.
2014-03-22 15:25:39,733 [Worker-4] INFO  o.e.m.c.i.embedder.EclipseLogger - Copying 0 resource
2014-03-22 15:26:21,197 [Worker-9] INFO  o.e.m.c.i.embedder.EclipseLogger - Using 'UTF-8' encoding to copy filtered resources.
2014-03-22 15:26:21,198 [Worker-9] INFO  o.e.m.c.i.embedder.EclipseLogger - Copying 1 resource
2014-03-22 15:26:21,200 [Worker-9] INFO  o.e.m.c.i.embedder.EclipseLogger - Using 'UTF-8' encoding to copy filtered resources.
2014-03-22 15:26:21,200 [Worker-9] INFO  o.e.m.c.i.embedder.EclipseLogger - Copying 0 resource
2014-03-22 15:27:09,860 [Worker-5] INFO  o.e.m.c.i.embedder.EclipseLogger - Using 'UTF-8' encoding to copy filtered resources.
2014-03-22 15:27:09,860 [Worker-5] INFO  o.e.m.c.i.embedder.EclipseLogger - Copying 1 resource
2014-03-22 15:27:09,862 [Worker-5] INFO  o.e.m.c.i.embedder.EclipseLogger - Using 'UTF-8' encoding to copy filtered resources.
2014-03-22 15:27:09,862 [Worker-5] INFO  o.e.m.c.i.embedder.EclipseLogger - Copying 0 resource
2014-03-22 15:27:36,695 [Worker-13] INFO  o.e.m.c.i.embedder.EclipseLogger - Using 'UTF-8' encoding to copy filtered resources.
2014-03-22 15:27:36,695 [Worker-13] INFO  o.e.m.c.i.embedder.EclipseLogger - Copying 1 resource
2014-03-22 15:27:36,697 [Worker-13] INFO  o.e.m.c.i.embedder.EclipseLogger - Using 'UTF-8' encoding to copy filtered resources.
2014-03-22 15:27:36,697 [Worker-13] INFO  o.e.m.c.i.embedder.EclipseLogger - Copying 0 resource
2014-03-22 15:27:55,344 [Worker-15] INFO  o.e.m.c.i.embedder.EclipseLogger - Using 'UTF-8' encoding to copy filtered resources.
2014-03-22 15:27:55,345 [Worker-15] INFO  o.e.m.c.i.embedder.EclipseLogger - Copying 1 resource
2014-03-22 15:27:55,346 [Worker-15] INFO  o.e.m.c.i.embedder.EclipseLogger - Using 'UTF-8' encoding to copy filtered resources.
2014-03-22 15:27:55,346 [Worker-15] INFO  o.e.m.c.i.embedder.EclipseLogger - Copying 0 resource
2014-03-22 15:28:14,329 [Worker-15] INFO  o.e.m.c.i.embedder.EclipseLogger - Using 'UTF-8' encoding to copy filtered resources.
2014-03-22 15:28:14,329 [Worker-15] INFO  o.e.m.c.i.embedder.EclipseLogger - Copying 1 resource
2014-03-22 15:28:14,331 [Worker-15] INFO  o.e.m.c.i.embedder.EclipseLogger - Using 'UTF-8' encoding to copy filtered resources.
2014-03-22 15:28:14,332 [Worker-15] INFO  o.e.m.c.i.embedder.EclipseLogger - Copying 0 resource
2014-03-22 15:28:19,720 [Worker-6] INFO  o.e.m.c.i.embedder.EclipseLogger - Using 'UTF-8' encoding to copy filtered resources.
2014-03-22 15:28:19,721 [Worker-6] INFO  o.e.m.c.i.embedder.EclipseLogger - Copying 1 resource
2014-03-22 15:28:19,723 [Worker-6] INFO  o.e.m.c.i.embedder.EclipseLogger - Using 'UTF-8' encoding to copy filtered resources.
2014-03-22 15:28:19,723 [Worker-6] INFO  o.e.m.c.i.embedder.EclipseLogger - Copying 0 resource
2014-03-22 15:28:27,265 [Worker-13] INFO  o.e.m.c.i.embedder.EclipseLogger - Using 'UTF-8' encoding to copy filtered resources.
2014-03-22 15:28:27,266 [Worker-13] INFO  o.e.m.c.i.embedder.EclipseLogger - Copying 1 resource
2014-03-22 15:28:27,268 [Worker-13] INFO  o.e.m.c.i.embedder.EclipseLogger - Using 'UTF-8' encoding to copy filtered resources.
2014-03-22 15:28:27,268 [Worker-13] INFO  o.e.m.c.i.embedder.EclipseLogger - Copying 0 resource
2014-03-22 15:28:56,763 [Worker-5] INFO  o.e.m.c.i.embedder.EclipseLogger - Using 'UTF-8' encoding to copy filtered resources.
2014-03-22 15:28:56,763 [Worker-5] INFO  o.e.m.c.i.embedder.EclipseLogger - Copying 1 resource
2014-03-22 15:28:56,765 [Worker-5] INFO  o.e.m.c.i.embedder.EclipseLogger - Using 'UTF-8' encoding to copy filtered resources.
2014-03-22 15:28:56,765 [Worker-5] INFO  o.e.m.c.i.embedder.EclipseLogger - Copying 0 resource
2014-03-22 15:29:02,163 [Worker-5] INFO  o.e.m.c.i.embedder.EclipseLogger - Using 'UTF-8' encoding to copy filtered resources.
2014-03-22 15:29:02,164 [Worker-5] INFO  o.e.m.c.i.embedder.EclipseLogger - Copying 1 resource
2014-03-22 15:29:02,166 [Worker-5] INFO  o.e.m.c.i.embedder.EclipseLogger - Using 'UTF-8' encoding to copy filtered resources.
2014-03-22 15:29:02,166 [Worker-5] INFO  o.e.m.c.i.embedder.EclipseLogger - Copying 0 resource
2014-03-22 15:30:48,440 [Worker-14] INFO  o.e.m.c.i.embedder.EclipseLogger - Using 'UTF-8' encoding to copy filtered resources.
2014-03-22 15:30:48,440 [Worker-14] INFO  o.e.m.c.i.embedder.EclipseLogger - skip non existing resourceDirectory /home/vetsch/FAITH-ServerComponent/faith-domain/src/main/resources
2014-03-22 15:30:48,442 [Worker-14] INFO  o.e.m.c.i.embedder.EclipseLogger - Using 'UTF-8' encoding to copy filtered resources.
2014-03-22 15:30:48,442 [Worker-14] INFO  o.e.m.c.i.embedder.EclipseLogger - skip non existing resourceDirectory /home/vetsch/FAITH-ServerComponent/faith-domain/src/test/resources
2014-03-22 15:32:15,635 [Worker-2] INFO  o.e.m.c.i.embedder.EclipseLogger - Using 'UTF-8' encoding to copy filtered resources.
2014-03-22 15:32:15,647 [Worker-2] INFO  o.e.m.c.i.embedder.EclipseLogger - Copying 1 resource
2014-03-22 15:32:15,656 [Worker-2] INFO  o.e.m.c.i.embedder.EclipseLogger - Using 'UTF-8' encoding to copy filtered resources.
2014-03-22 15:32:15,656 [Worker-2] INFO  o.e.m.c.i.embedder.EclipseLogger - Copying 1 resource
2014-03-22 15:33:24,958 [Worker-7] INFO  o.e.m.w.i.f.ResourceFilteringBuildParticipant - Cleaning filtered folder for faith-rest-application
2014-03-22 15:33:25,368 [Worker-1] INFO  o.e.m.c.i.embedder.EclipseLogger - Using 'UTF-8' encoding to copy filtered resources.
2014-03-22 15:33:25,369 [Worker-1] INFO  o.e.m.c.i.embedder.EclipseLogger - skip non existing resourceDirectory /home/vetsch/FAITH-ServerComponent/faith-domain/src/main/resources
2014-03-22 15:33:25,370 [Worker-1] INFO  o.e.m.c.i.embedder.EclipseLogger - Using 'UTF-8' encoding to copy filtered resources.
2014-03-22 15:33:25,370 [Worker-1] INFO  o.e.m.c.i.embedder.EclipseLogger - skip non existing resourceDirectory /home/vetsch/FAITH-ServerComponent/faith-domain/src/test/resources
2014-03-22 15:33:25,841 [Worker-1] INFO  o.e.m.c.i.embedder.EclipseLogger - Using 'UTF-8' encoding to copy filtered resources.
2014-03-22 15:33:25,842 [Worker-1] INFO  o.e.m.c.i.embedder.EclipseLogger - Copying 1 resource
2014-03-22 15:33:25,855 [Worker-1] INFO  o.e.m.c.i.embedder.EclipseLogger - Using 'UTF-8' encoding to copy filtered resources.
2014-03-22 15:33:25,857 [Worker-1] INFO  o.e.m.c.i.embedder.EclipseLogger - Copying 3 resources
2014-03-22 15:33:26,082 [Worker-1] INFO  o.e.m.c.i.embedder.EclipseLogger - Using 'UTF-8' encoding to copy filtered resources.
2014-03-22 15:33:26,083 [Worker-1] INFO  o.e.m.c.i.embedder.EclipseLogger - Copying 1 resource
2014-03-22 15:33:26,086 [Worker-1] INFO  o.e.m.c.i.embedder.EclipseLogger - Using 'UTF-8' encoding to copy filtered resources.
2014-03-22 15:33:26,087 [Worker-1] INFO  o.e.m.c.i.embedder.EclipseLogger - Copying 1 resource
2014-03-22 15:33:26,453 [Worker-0] INFO  o.e.m.c.i.embedder.EclipseLogger - Using 'UTF-8' encoding to copy filtered resources.
2014-03-22 15:33:26,454 [Worker-0] INFO  o.e.m.c.i.embedder.EclipseLogger - Copying 1 resource
2014-03-22 15:33:26,460 [Worker-0] INFO  o.e.m.c.i.embedder.EclipseLogger - Using 'UTF-8' encoding to copy filtered resources.
2014-03-22 15:33:26,461 [Worker-0] INFO  o.e.m.c.i.embedder.EclipseLogger - Copying 1 resource
2014-03-22 15:34:14,388 [Worker-3] INFO  o.e.m.c.i.embedder.EclipseLogger - Using 'UTF-8' encoding to copy filtered resources.
2014-03-22 15:34:14,391 [Worker-3] INFO  o.e.m.c.i.embedder.EclipseLogger - Copying 0 resource
2014-03-22 15:34:14,393 [Worker-3] INFO  o.e.m.c.i.embedder.EclipseLogger - Using 'UTF-8' encoding to copy filtered resources.
2014-03-22 15:34:14,393 [Worker-3] INFO  o.e.m.c.i.embedder.EclipseLogger - Copying 0 resource
2014-03-22 15:34:15,420 [Worker-8] INFO  o.e.m.c.i.embedder.EclipseLogger - Using 'UTF-8' encoding to copy filtered resources.
2014-03-22 15:34:15,420 [Worker-8] INFO  o.e.m.c.i.embedder.EclipseLogger - Copying 0 resource
2014-03-22 15:34:15,422 [Worker-8] INFO  o.e.m.c.i.embedder.EclipseLogger - Using 'UTF-8' encoding to copy filtered resources.
2014-03-22 15:34:15,422 [Worker-8] INFO  o.e.m.c.i.embedder.EclipseLogger - Copying 0 resource
2014-03-22 15:36:27,696 [Worker-6] INFO  o.e.m.c.i.embedder.EclipseLogger - Using 'UTF-8' encoding to copy filtered resources.
2014-03-22 15:36:27,699 [Worker-6] INFO  o.e.m.c.i.embedder.EclipseLogger - Copying 1 resource
2014-03-22 15:36:27,703 [Worker-6] INFO  o.e.m.c.i.embedder.EclipseLogger - Using 'UTF-8' encoding to copy filtered resources.
2014-03-22 15:36:27,703 [Worker-6] INFO  o.e.m.c.i.embedder.EclipseLogger - Copying 0 resource
2014-03-22 15:36:45,576 [Worker-6] INFO  o.e.m.c.i.embedder.EclipseLogger - Using 'UTF-8' encoding to copy filtered resources.
2014-03-22 15:36:45,577 [Worker-6] INFO  o.e.m.c.i.embedder.EclipseLogger - Copying 1 resource
2014-03-22 15:36:45,580 [Worker-6] INFO  o.e.m.c.i.embedder.EclipseLogger - Using 'UTF-8' encoding to copy filtered resources.
2014-03-22 15:36:45,580 [Worker-6] INFO  o.e.m.c.i.embedder.EclipseLogger - Copying 0 resource
2014-03-22 15:40:28,207 [Worker-1] INFO  o.e.m.c.i.embedder.EclipseLogger - Using 'UTF-8' encoding to copy filtered resources.
2014-03-22 15:40:28,208 [Worker-1] INFO  o.e.m.c.i.embedder.EclipseLogger - Copying 1 resource
2014-03-22 15:40:28,209 [Worker-1] INFO  o.e.m.c.i.embedder.EclipseLogger - Using 'UTF-8' encoding to copy filtered resources.
2014-03-22 15:40:28,210 [Worker-1] INFO  o.e.m.c.i.embedder.EclipseLogger - Copying 0 resource
2014-03-22 15:40:28,455 [Worker-0] INFO  o.e.m.c.i.embedder.EclipseLogger - Using 'UTF-8' encoding to copy filtered resources.
2014-03-22 15:40:28,455 [Worker-0] INFO  o.e.m.c.i.embedder.EclipseLogger - skip non existing resourceDirectory /home/vetsch/FAITH-ServerComponent/faith-domain/src/main/resources
2014-03-22 15:40:28,457 [Worker-0] INFO  o.e.m.c.i.embedder.EclipseLogger - Using 'UTF-8' encoding to copy filtered resources.
2014-03-22 15:40:28,457 [Worker-0] INFO  o.e.m.c.i.embedder.EclipseLogger - skip non existing resourceDirectory /home/vetsch/FAITH-ServerComponent/faith-domain/src/test/resources
2014-03-22 15:40:28,473 [Worker-0] INFO  o.e.m.c.i.embedder.EclipseLogger - Using 'UTF-8' encoding to copy filtered resources.
2014-03-22 15:40:28,474 [Worker-0] INFO  o.e.m.c.i.embedder.EclipseLogger - Copying 1 resource
2014-03-22 15:40:28,476 [Worker-0] INFO  o.e.m.c.i.embedder.EclipseLogger - Using 'UTF-8' encoding to copy filtered resources.
2014-03-22 15:40:28,477 [Worker-0] INFO  o.e.m.c.i.embedder.EclipseLogger - Copying 0 resource
2014-03-22 15:40:30,656 [Worker-14] INFO  o.e.m.c.i.embedder.EclipseLogger - Using 'UTF-8' encoding to copy filtered resources.
2014-03-22 15:40:30,656 [Worker-14] INFO  o.e.m.c.i.embedder.EclipseLogger - skip non existing resourceDirectory /home/vetsch/FAITH-ServerComponent/faith-domain/src/main/resources
2014-03-22 15:40:30,657 [Worker-14] INFO  o.e.m.c.i.embedder.EclipseLogger - Using 'UTF-8' encoding to copy filtered resources.
2014-03-22 15:40:30,657 [Worker-14] INFO  o.e.m.c.i.embedder.EclipseLogger - skip non existing resourceDirectory /home/vetsch/FAITH-ServerComponent/faith-domain/src/test/resources
2014-03-22 15:40:30,674 [Worker-14] INFO  o.e.m.c.i.embedder.EclipseLogger - Using 'UTF-8' encoding to copy filtered resources.
2014-03-22 15:40:30,675 [Worker-14] INFO  o.e.m.c.i.embedder.EclipseLogger - Copying 1 resource
2014-03-22 15:40:30,677 [Worker-14] INFO  o.e.m.c.i.embedder.EclipseLogger - Using 'UTF-8' encoding to copy filtered resources.
2014-03-22 15:40:30,677 [Worker-14] INFO  o.e.m.c.i.embedder.EclipseLogger - Copying 0 resource
2014-03-22 15:40:30,709 [Worker-14] INFO  o.e.m.c.i.embedder.EclipseLogger - Using 'UTF-8' encoding to copy filtered resources.
2014-03-22 15:40:30,709 [Worker-14] INFO  o.e.m.c.i.embedder.EclipseLogger - Copying 0 resource
2014-03-22 15:40:30,712 [Worker-14] INFO  o.e.m.c.i.embedder.EclipseLogger - Using 'UTF-8' encoding to copy filtered resources.
2014-03-22 15:40:30,712 [Worker-14] INFO  o.e.m.c.i.embedder.EclipseLogger - Copying 0 resource
2014-03-22 15:41:02,154 [Worker-13] INFO  o.e.m.c.i.embedder.EclipseLogger - Using 'UTF-8' encoding to copy filtered resources.
2014-03-22 15:41:02,155 [Worker-13] INFO  o.e.m.c.i.embedder.EclipseLogger - Copying 1 resource
2014-03-22 15:41:02,158 [Worker-13] INFO  o.e.m.c.i.embedder.EclipseLogger - Using 'UTF-8' encoding to copy filtered resources.
2014-03-22 15:41:02,158 [Worker-13] INFO  o.e.m.c.i.embedder.EclipseLogger - Copying 0 resource
2014-03-22 15:41:38,930 [Worker-4] INFO  o.e.m.c.i.embedder.EclipseLogger - Using 'UTF-8' encoding to copy filtered resources.
2014-03-22 15:41:38,931 [Worker-4] INFO  o.e.m.c.i.embedder.EclipseLogger - Copying 1 resource
2014-03-22 15:41:38,934 [Worker-4] INFO  o.e.m.c.i.embedder.EclipseLogger - Using 'UTF-8' encoding to copy filtered resources.
2014-03-22 15:41:38,934 [Worker-4] INFO  o.e.m.c.i.embedder.EclipseLogger - Copying 0 resource
2014-03-22 15:43:13,284 [Worker-1] INFO  o.e.m.c.i.embedder.EclipseLogger - Using 'UTF-8' encoding to copy filtered resources.
2014-03-22 15:43:13,294 [Worker-1] INFO  o.e.m.c.i.embedder.EclipseLogger - Copying 1 resource
2014-03-22 15:43:13,305 [Worker-1] INFO  o.e.m.c.i.embedder.EclipseLogger - Using 'UTF-8' encoding to copy filtered resources.
2014-03-22 15:43:13,306 [Worker-1] INFO  o.e.m.c.i.embedder.EclipseLogger - Copying 1 resource
2014-03-22 15:47:51,863 [Worker-9] INFO  o.e.m.c.i.embedder.EclipseLogger - Using 'UTF-8' encoding to copy filtered resources.
2014-03-22 15:47:51,866 [Worker-9] INFO  o.e.m.c.i.embedder.EclipseLogger - Copying 0 resource
2014-03-22 15:47:51,868 [Worker-9] INFO  o.e.m.c.i.embedder.EclipseLogger - Using 'UTF-8' encoding to copy filtered resources.
2014-03-22 15:47:51,868 [Worker-9] INFO  o.e.m.c.i.embedder.EclipseLogger - Copying 0 resource
2014-03-22 15:52:13,804 [Worker-8] INFO  o.e.m.c.i.embedder.EclipseLogger - Using 'UTF-8' encoding to copy filtered resources.
2014-03-22 15:52:13,805 [Worker-8] INFO  o.e.m.c.i.embedder.EclipseLogger - Copying 1 resource
2014-03-22 15:52:13,808 [Worker-8] INFO  o.e.m.c.i.embedder.EclipseLogger - Using 'UTF-8' encoding to copy filtered resources.
2014-03-22 15:52:13,810 [Worker-8] INFO  o.e.m.c.i.embedder.EclipseLogger - Copying 3 resources
2014-03-22 15:52:58,312 [Worker-8] INFO  o.e.m.c.i.embedder.EclipseLogger - Using 'UTF-8' encoding to copy filtered resources.
2014-03-22 15:52:58,315 [Worker-8] INFO  o.e.m.c.i.embedder.EclipseLogger - Copying 1 resource
2014-03-22 15:52:58,320 [Worker-8] INFO  o.e.m.c.i.embedder.EclipseLogger - Using 'UTF-8' encoding to copy filtered resources.
2014-03-22 15:52:58,320 [Worker-8] INFO  o.e.m.c.i.embedder.EclipseLogger - Copying 0 resource
2014-03-22 16:00:16,845 [Worker-11] INFO  o.e.m.c.i.embedder.EclipseLogger - Using 'UTF-8' encoding to copy filtered resources.
2014-03-22 16:00:16,846 [Worker-11] INFO  o.e.m.c.i.embedder.EclipseLogger - Copying 0 resource
2014-03-22 16:00:16,847 [Worker-11] INFO  o.e.m.c.i.embedder.EclipseLogger - Using 'UTF-8' encoding to copy filtered resources.
2014-03-22 16:00:16,848 [Worker-11] INFO  o.e.m.c.i.embedder.EclipseLogger - Copying 1 resource
2014-03-22 16:03:44,609 [Worker-13] INFO  o.e.m.c.i.embedder.EclipseLogger - Using 'UTF-8' encoding to copy filtered resources.
2014-03-22 16:03:44,610 [Worker-13] INFO  o.e.m.c.i.embedder.EclipseLogger - Copying 0 resource
2014-03-22 16:03:44,612 [Worker-13] INFO  o.e.m.c.i.embedder.EclipseLogger - Using 'UTF-8' encoding to copy filtered resources.
2014-03-22 16:03:44,619 [Worker-13] INFO  o.e.m.c.i.embedder.EclipseLogger - Copying 3 resources
2014-03-22 16:04:18,693 [Worker-15] INFO  o.e.m.c.i.embedder.EclipseLogger - Using 'UTF-8' encoding to copy filtered resources.
2014-03-22 16:04:18,693 [Worker-15] INFO  o.e.m.c.i.embedder.EclipseLogger - Copying 0 resource
2014-03-22 16:04:18,695 [Worker-15] INFO  o.e.m.c.i.embedder.EclipseLogger - Using 'UTF-8' encoding to copy filtered resources.
2014-03-22 16:04:18,696 [Worker-15] INFO  o.e.m.c.i.embedder.EclipseLogger - Copying 3 resources
2014-03-22 16:04:35,311 [Worker-13] INFO  o.e.m.c.i.embedder.EclipseLogger - Using 'UTF-8' encoding to copy filtered resources.
2014-03-22 16:04:35,311 [Worker-13] INFO  o.e.m.c.i.embedder.EclipseLogger - Copying 0 resource
2014-03-22 16:04:35,314 [Worker-13] INFO  o.e.m.c.i.embedder.EclipseLogger - Using 'UTF-8' encoding to copy filtered resources.
2014-03-22 16:04:35,322 [Worker-13] INFO  o.e.m.c.i.embedder.EclipseLogger - Copying 3 resources
2014-03-22 16:05:45,396 [Worker-11] INFO  o.e.m.c.i.embedder.EclipseLogger - Using 'UTF-8' encoding to copy filtered resources.
2014-03-22 16:05:45,396 [Worker-11] INFO  o.e.m.c.i.embedder.EclipseLogger - Copying 0 resource
2014-03-22 16:05:45,398 [Worker-11] INFO  o.e.m.c.i.embedder.EclipseLogger - Using 'UTF-8' encoding to copy filtered resources.
2014-03-22 16:05:45,399 [Worker-11] INFO  o.e.m.c.i.embedder.EclipseLogger - Copying 3 resources
2014-03-22 16:06:10,132 [Worker-13] INFO  o.e.m.c.i.embedder.EclipseLogger - Using 'UTF-8' encoding to copy filtered resources.
2014-03-22 16:06:10,132 [Worker-13] INFO  o.e.m.c.i.embedder.EclipseLogger - Copying 0 resource
2014-03-22 16:06:10,134 [Worker-13] INFO  o.e.m.c.i.embedder.EclipseLogger - Using 'UTF-8' encoding to copy filtered resources.
2014-03-22 16:06:10,136 [Worker-13] INFO  o.e.m.c.i.embedder.EclipseLogger - Copying 3 resources
2014-03-22 16:07:09,143 [Worker-18] INFO  o.e.m.c.i.embedder.EclipseLogger - Using 'UTF-8' encoding to copy filtered resources.
2014-03-22 16:07:09,144 [Worker-18] INFO  o.e.m.c.i.embedder.EclipseLogger - Copying 0 resource
2014-03-22 16:07:09,146 [Worker-18] INFO  o.e.m.c.i.embedder.EclipseLogger - Using 'UTF-8' encoding to copy filtered resources.
2014-03-22 16:07:09,150 [Worker-18] INFO  o.e.m.c.i.embedder.EclipseLogger - Copying 3 resources
2014-03-22 16:07:18,817 [Worker-16] INFO  o.e.m.c.i.embedder.EclipseLogger - Using 'UTF-8' encoding to copy filtered resources.
2014-03-22 16:07:18,817 [Worker-16] INFO  o.e.m.c.i.embedder.EclipseLogger - Copying 0 resource
2014-03-22 16:07:18,821 [Worker-16] INFO  o.e.m.c.i.embedder.EclipseLogger - Using 'UTF-8' encoding to copy filtered resources.
2014-03-22 16:07:18,824 [Worker-16] INFO  o.e.m.c.i.embedder.EclipseLogger - Copying 3 resources
2014-03-22 16:07:26,830 [Worker-11] INFO  o.e.m.c.i.embedder.EclipseLogger - Using 'UTF-8' encoding to copy filtered resources.
2014-03-22 16:07:26,831 [Worker-11] INFO  o.e.m.c.i.embedder.EclipseLogger - Copying 0 resource
2014-03-22 16:07:26,833 [Worker-11] INFO  o.e.m.c.i.embedder.EclipseLogger - Using 'UTF-8' encoding to copy filtered resources.
2014-03-22 16:07:26,834 [Worker-11] INFO  o.e.m.c.i.embedder.EclipseLogger - Copying 3 resources
2014-03-22 16:08:24,925 [Worker-17] INFO  o.e.m.c.i.embedder.EclipseLogger - Using 'UTF-8' encoding to copy filtered resources.
2014-03-22 16:08:24,925 [Worker-17] INFO  o.e.m.c.i.embedder.EclipseLogger - Copying 0 resource
2014-03-22 16:08:24,928 [Worker-17] INFO  o.e.m.c.i.embedder.EclipseLogger - Using 'UTF-8' encoding to copy filtered resources.
2014-03-22 16:08:24,929 [Worker-17] INFO  o.e.m.c.i.embedder.EclipseLogger - Copying 3 resources
2014-03-22 16:11:01,635 [Worker-19] INFO  o.e.m.c.i.embedder.EclipseLogger - Using 'UTF-8' encoding to copy filtered resources.
2014-03-22 16:11:01,635 [Worker-19] INFO  o.e.m.c.i.embedder.EclipseLogger - Copying 0 resource
2014-03-22 16:11:01,638 [Worker-19] INFO  o.e.m.c.i.embedder.EclipseLogger - Using 'UTF-8' encoding to copy filtered resources.
2014-03-22 16:11:01,639 [Worker-19] INFO  o.e.m.c.i.embedder.EclipseLogger - Copying 3 resources
2014-03-22 16:11:20,028 [Worker-11] INFO  o.e.m.c.i.embedder.EclipseLogger - Using 'UTF-8' encoding to copy filtered resources.
2014-03-22 16:11:20,028 [Worker-11] INFO  o.e.m.c.i.embedder.EclipseLogger - Copying 0 resource
2014-03-22 16:11:20,032 [Worker-11] INFO  o.e.m.c.i.embedder.EclipseLogger - Using 'UTF-8' encoding to copy filtered resources.
2014-03-22 16:11:20,034 [Worker-11] INFO  o.e.m.c.i.embedder.EclipseLogger - Copying 3 resources
2014-03-22 16:12:11,406 [Worker-19] INFO  o.e.m.c.i.embedder.EclipseLogger - Using 'UTF-8' encoding to copy filtered resources.
2014-03-22 16:12:11,406 [Worker-19] INFO  o.e.m.c.i.embedder.EclipseLogger - Copying 0 resource
2014-03-22 16:12:11,408 [Worker-19] INFO  o.e.m.c.i.embedder.EclipseLogger - Using 'UTF-8' encoding to copy filtered resources.
2014-03-22 16:12:11,409 [Worker-19] INFO  o.e.m.c.i.embedder.EclipseLogger - Copying 3 resources
2014-03-22 16:12:21,262 [Worker-22] INFO  o.e.m.c.i.embedder.EclipseLogger - Using 'UTF-8' encoding to copy filtered resources.
2014-03-22 16:12:21,262 [Worker-22] INFO  o.e.m.c.i.embedder.EclipseLogger - Copying 0 resource
2014-03-22 16:12:21,264 [Worker-22] INFO  o.e.m.c.i.embedder.EclipseLogger - Using 'UTF-8' encoding to copy filtered resources.
2014-03-22 16:12:21,265 [Worker-22] INFO  o.e.m.c.i.embedder.EclipseLogger - Copying 3 resources
2014-03-22 16:12:33,630 [Worker-23] INFO  o.e.m.c.i.embedder.EclipseLogger - Using 'UTF-8' encoding to copy filtered resources.
2014-03-22 16:12:33,630 [Worker-23] INFO  o.e.m.c.i.embedder.EclipseLogger - Copying 0 resource
2014-03-22 16:12:33,632 [Worker-23] INFO  o.e.m.c.i.embedder.EclipseLogger - Using 'UTF-8' encoding to copy filtered resources.
2014-03-22 16:12:33,634 [Worker-23] INFO  o.e.m.c.i.embedder.EclipseLogger - Copying 3 resources
2014-03-22 16:13:29,108 [Worker-24] INFO  o.e.m.c.i.embedder.EclipseLogger - Using 'UTF-8' encoding to copy filtered resources.
2014-03-22 16:13:29,108 [Worker-24] INFO  o.e.m.c.i.embedder.EclipseLogger - Copying 0 resource
2014-03-22 16:13:29,110 [Worker-24] INFO  o.e.m.c.i.embedder.EclipseLogger - Using 'UTF-8' encoding to copy filtered resources.
2014-03-22 16:13:29,111 [Worker-24] INFO  o.e.m.c.i.embedder.EclipseLogger - Copying 3 resources
2014-03-22 16:13:31,554 [Worker-23] INFO  o.e.m.c.i.embedder.EclipseLogger - Using 'UTF-8' encoding to copy filtered resources.
2014-03-22 16:13:31,554 [Worker-23] INFO  o.e.m.c.i.embedder.EclipseLogger - Copying 0 resource
2014-03-22 16:13:31,557 [Worker-23] INFO  o.e.m.c.i.embedder.EclipseLogger - Using 'UTF-8' encoding to copy filtered resources.
2014-03-22 16:13:31,558 [Worker-23] INFO  o.e.m.c.i.embedder.EclipseLogger - Copying 3 resources
2014-03-22 16:13:39,669 [Worker-17] INFO  o.e.m.c.i.embedder.EclipseLogger - Using 'UTF-8' encoding to copy filtered resources.
2014-03-22 16:13:39,669 [Worker-17] INFO  o.e.m.c.i.embedder.EclipseLogger - Copying 0 resource
2014-03-22 16:13:39,672 [Worker-17] INFO  o.e.m.c.i.embedder.EclipseLogger - Using 'UTF-8' encoding to copy filtered resources.
2014-03-22 16:13:39,673 [Worker-17] INFO  o.e.m.c.i.embedder.EclipseLogger - Copying 3 resources
2014-03-22 16:14:00,712 [Worker-17] INFO  o.e.m.c.i.embedder.EclipseLogger - Using 'UTF-8' encoding to copy filtered resources.
2014-03-22 16:14:00,712 [Worker-17] INFO  o.e.m.c.i.embedder.EclipseLogger - Copying 0 resource
2014-03-22 16:14:00,714 [Worker-17] INFO  o.e.m.c.i.embedder.EclipseLogger - Using 'UTF-8' encoding to copy filtered resources.
2014-03-22 16:14:00,715 [Worker-17] INFO  o.e.m.c.i.embedder.EclipseLogger - Copying 3 resources
2014-03-22 16:14:11,497 [Worker-24] INFO  o.e.m.c.i.embedder.EclipseLogger - Using 'UTF-8' encoding to copy filtered resources.
2014-03-22 16:14:11,498 [Worker-24] INFO  o.e.m.c.i.embedder.EclipseLogger - Copying 0 resource
2014-03-22 16:14:11,499 [Worker-24] INFO  o.e.m.c.i.embedder.EclipseLogger - Using 'UTF-8' encoding to copy filtered resources.
2014-03-22 16:14:11,500 [Worker-24] INFO  o.e.m.c.i.embedder.EclipseLogger - Copying 3 resources
2014-03-22 16:15:21,855 [Worker-22] INFO  o.e.m.c.i.embedder.EclipseLogger - Using 'UTF-8' encoding to copy filtered resources.
2014-03-22 16:15:21,856 [Worker-22] INFO  o.e.m.c.i.embedder.EclipseLogger - Copying 0 resource
2014-03-22 16:15:21,858 [Worker-22] INFO  o.e.m.c.i.embedder.EclipseLogger - Using 'UTF-8' encoding to copy filtered resources.
2014-03-22 16:15:21,860 [Worker-22] INFO  o.e.m.c.i.embedder.EclipseLogger - Copying 3 resources
2014-03-22 16:15:32,725 [Worker-21] INFO  o.e.m.c.i.embedder.EclipseLogger - Using 'UTF-8' encoding to copy filtered resources.
2014-03-22 16:15:32,726 [Worker-21] INFO  o.e.m.c.i.embedder.EclipseLogger - Copying 0 resource
2014-03-22 16:15:32,727 [Worker-21] INFO  o.e.m.c.i.embedder.EclipseLogger - Using 'UTF-8' encoding to copy filtered resources.
2014-03-22 16:15:32,728 [Worker-21] INFO  o.e.m.c.i.embedder.EclipseLogger - Copying 3 resources
2014-03-22 16:16:55,742 [Worker-11] INFO  o.e.m.c.i.embedder.EclipseLogger - Using 'UTF-8' encoding to copy filtered resources.
2014-03-22 16:16:55,742 [Worker-11] INFO  o.e.m.c.i.embedder.EclipseLogger - Copying 0 resource
2014-03-22 16:16:55,744 [Worker-11] INFO  o.e.m.c.i.embedder.EclipseLogger - Using 'UTF-8' encoding to copy filtered resources.
2014-03-22 16:16:55,745 [Worker-11] INFO  o.e.m.c.i.embedder.EclipseLogger - Copying 3 resources
2014-03-22 16:17:25,599 [Worker-19] INFO  o.e.m.c.i.embedder.EclipseLogger - Using 'UTF-8' encoding to copy filtered resources.
2014-03-22 16:17:25,599 [Worker-19] INFO  o.e.m.c.i.embedder.EclipseLogger - Copying 0 resource
2014-03-22 16:17:25,601 [Worker-19] INFO  o.e.m.c.i.embedder.EclipseLogger - Using 'UTF-8' encoding to copy filtered resources.
2014-03-22 16:17:25,601 [Worker-19] INFO  o.e.m.c.i.embedder.EclipseLogger - Copying 3 resources
2014-03-22 16:17:52,428 [Worker-22] INFO  o.e.m.c.i.embedder.EclipseLogger - Using 'UTF-8' encoding to copy filtered resources.
2014-03-22 16:17:52,429 [Worker-22] INFO  o.e.m.c.i.embedder.EclipseLogger - Copying 0 resource
2014-03-22 16:17:52,430 [Worker-22] INFO  o.e.m.c.i.embedder.EclipseLogger - Using 'UTF-8' encoding to copy filtered resources.
2014-03-22 16:17:52,431 [Worker-22] INFO  o.e.m.c.i.embedder.EclipseLogger - Copying 3 resources
2014-03-22 16:17:56,749 [Worker-22] INFO  o.e.m.c.i.embedder.EclipseLogger - Using 'UTF-8' encoding to copy filtered resources.
2014-03-22 16:17:56,749 [Worker-22] INFO  o.e.m.c.i.embedder.EclipseLogger - Copying 0 resource
2014-03-22 16:17:56,751 [Worker-22] INFO  o.e.m.c.i.embedder.EclipseLogger - Using 'UTF-8' encoding to copy filtered resources.
2014-03-22 16:17:56,752 [Worker-22] INFO  o.e.m.c.i.embedder.EclipseLogger - Copying 3 resources
2014-03-22 16:19:03,667 [Worker-23] INFO  o.e.m.c.i.embedder.EclipseLogger - Using 'UTF-8' encoding to copy filtered resources.
2014-03-22 16:19:03,668 [Worker-23] INFO  o.e.m.c.i.embedder.EclipseLogger - Copying 0 resource
2014-03-22 16:19:03,670 [Worker-23] INFO  o.e.m.c.i.embedder.EclipseLogger - Using 'UTF-8' encoding to copy filtered resources.
2014-03-22 16:19:03,671 [Worker-23] INFO  o.e.m.c.i.embedder.EclipseLogger - Copying 3 resources
2014-03-22 16:19:08,726 [Worker-24] INFO  o.e.m.c.i.embedder.EclipseLogger - Using 'UTF-8' encoding to copy filtered resources.
2014-03-22 16:19:08,726 [Worker-24] INFO  o.e.m.c.i.embedder.EclipseLogger - Copying 0 resource
2014-03-22 16:19:08,728 [Worker-24] INFO  o.e.m.c.i.embedder.EclipseLogger - Using 'UTF-8' encoding to copy filtered resources.
2014-03-22 16:19:08,728 [Worker-24] INFO  o.e.m.c.i.embedder.EclipseLogger - Copying 3 resources
2014-03-22 16:19:53,465 [Worker-25] INFO  o.e.m.c.i.embedder.EclipseLogger - Using 'UTF-8' encoding to copy filtered resources.
2014-03-22 16:19:53,466 [Worker-25] INFO  o.e.m.c.i.embedder.EclipseLogger - Copying 0 resource
2014-03-22 16:19:53,467 [Worker-25] INFO  o.e.m.c.i.embedder.EclipseLogger - Using 'UTF-8' encoding to copy filtered resources.
2014-03-22 16:19:53,468 [Worker-25] INFO  o.e.m.c.i.embedder.EclipseLogger - Copying 3 resources
2014-03-22 16:20:05,129 [Worker-22] INFO  o.e.m.c.i.embedder.EclipseLogger - Using 'UTF-8' encoding to copy filtered resources.
2014-03-22 16:20:05,129 [Worker-22] INFO  o.e.m.c.i.embedder.EclipseLogger - Copying 0 resource
2014-03-22 16:20:05,130 [Worker-22] INFO  o.e.m.c.i.embedder.EclipseLogger - Using 'UTF-8' encoding to copy filtered resources.
2014-03-22 16:20:05,131 [Worker-22] INFO  o.e.m.c.i.embedder.EclipseLogger - Copying 3 resources
2014-03-22 16:20:10,711 [Worker-19] INFO  o.e.m.c.i.embedder.EclipseLogger - Using 'UTF-8' encoding to copy filtered resources.
2014-03-22 16:20:10,712 [Worker-19] INFO  o.e.m.c.i.embedder.EclipseLogger - Copying 0 resource
2014-03-22 16:20:10,714 [Worker-19] INFO  o.e.m.c.i.embedder.EclipseLogger - Using 'UTF-8' encoding to copy filtered resources.
2014-03-22 16:20:10,714 [Worker-19] INFO  o.e.m.c.i.embedder.EclipseLogger - Copying 3 resources
2014-03-22 16:21:19,749 [Worker-21] INFO  o.e.m.c.i.embedder.EclipseLogger - Using 'UTF-8' encoding to copy filtered resources.
2014-03-22 16:21:19,750 [Worker-21] INFO  o.e.m.c.i.embedder.EclipseLogger - Copying 0 resource
2014-03-22 16:21:19,752 [Worker-21] INFO  o.e.m.c.i.embedder.EclipseLogger - Using 'UTF-8' encoding to copy filtered resources.
2014-03-22 16:21:19,753 [Worker-21] INFO  o.e.m.c.i.embedder.EclipseLogger - Copying 3 resources
2014-03-22 16:21:57,438 [Worker-11] INFO  o.e.m.c.i.embedder.EclipseLogger - Using 'UTF-8' encoding to copy filtered resources.
2014-03-22 16:21:57,439 [Worker-11] INFO  o.e.m.c.i.embedder.EclipseLogger - Copying 0 resource
2014-03-22 16:21:57,440 [Worker-11] INFO  o.e.m.c.i.embedder.EclipseLogger - Using 'UTF-8' encoding to copy filtered resources.
2014-03-22 16:21:57,441 [Worker-11] INFO  o.e.m.c.i.embedder.EclipseLogger - Copying 3 resources
2014-03-22 16:24:29,228 [Worker-24] INFO  o.e.m.c.i.embedder.EclipseLogger - Using 'UTF-8' encoding to copy filtered resources.
2014-03-22 16:24:29,228 [Worker-24] INFO  o.e.m.c.i.embedder.EclipseLogger - Copying 0 resource
2014-03-22 16:24:29,230 [Worker-24] INFO  o.e.m.c.i.embedder.EclipseLogger - Using 'UTF-8' encoding to copy filtered resources.
2014-03-22 16:24:29,230 [Worker-24] INFO  o.e.m.c.i.embedder.EclipseLogger - Copying 3 resources
2014-03-22 16:24:57,851 [Worker-25] INFO  o.e.m.c.i.embedder.EclipseLogger - Using 'UTF-8' encoding to copy filtered resources.
2014-03-22 16:24:57,851 [Worker-25] INFO  o.e.m.c.i.embedder.EclipseLogger - Copying 0 resource
2014-03-22 16:24:57,853 [Worker-25] INFO  o.e.m.c.i.embedder.EclipseLogger - Using 'UTF-8' encoding to copy filtered resources.
2014-03-22 16:24:57,854 [Worker-25] INFO  o.e.m.c.i.embedder.EclipseLogger - Copying 3 resources
2014-03-22 16:25:21,359 [Worker-26] INFO  o.e.m.c.i.embedder.EclipseLogger - Using 'UTF-8' encoding to copy filtered resources.
2014-03-22 16:25:21,360 [Worker-26] INFO  o.e.m.c.i.embedder.EclipseLogger - Copying 0 resource
2014-03-22 16:25:21,362 [Worker-26] INFO  o.e.m.c.i.embedder.EclipseLogger - Using 'UTF-8' encoding to copy filtered resources.
2014-03-22 16:25:21,363 [Worker-26] INFO  o.e.m.c.i.embedder.EclipseLogger - Copying 3 resources
2014-03-22 16:25:30,756 [Worker-27] INFO  o.e.m.c.i.embedder.EclipseLogger - Using 'UTF-8' encoding to copy filtered resources.
2014-03-22 16:25:30,756 [Worker-27] INFO  o.e.m.c.i.embedder.EclipseLogger - Copying 0 resource
2014-03-22 16:25:30,763 [Worker-27] INFO  o.e.m.c.i.embedder.EclipseLogger - Using 'UTF-8' encoding to copy filtered resources.
2014-03-22 16:25:30,764 [Worker-27] INFO  o.e.m.c.i.embedder.EclipseLogger - Copying 3 resources
2014-03-22 16:25:43,167 [Worker-24] INFO  o.e.m.c.i.embedder.EclipseLogger - Using 'UTF-8' encoding to copy filtered resources.
2014-03-22 16:25:43,167 [Worker-24] INFO  o.e.m.c.i.embedder.EclipseLogger - Copying 0 resource
2014-03-22 16:25:43,170 [Worker-24] INFO  o.e.m.c.i.embedder.EclipseLogger - Using 'UTF-8' encoding to copy filtered resources.
2014-03-22 16:25:43,171 [Worker-24] INFO  o.e.m.c.i.embedder.EclipseLogger - Copying 3 resources
2014-03-22 16:26:19,754 [Worker-29] INFO  o.e.m.c.i.embedder.EclipseLogger - Using 'UTF-8' encoding to copy filtered resources.
2014-03-22 16:26:19,755 [Worker-29] INFO  o.e.m.c.i.embedder.EclipseLogger - Copying 0 resource
2014-03-22 16:26:19,757 [Worker-29] INFO  o.e.m.c.i.embedder.EclipseLogger - Using 'UTF-8' encoding to copy filtered resources.
2014-03-22 16:26:19,758 [Worker-29] INFO  o.e.m.c.i.embedder.EclipseLogger - Copying 3 resources
2014-03-22 16:26:25,103 [Worker-24] INFO  o.e.m.c.i.embedder.EclipseLogger - Using 'UTF-8' encoding to copy filtered resources.
2014-03-22 16:26:25,103 [Worker-24] INFO  o.e.m.c.i.embedder.EclipseLogger - Copying 0 resource
2014-03-22 16:26:25,104 [Worker-24] INFO  o.e.m.c.i.embedder.EclipseLogger - Using 'UTF-8' encoding to copy filtered resources.
2014-03-22 16:26:25,105 [Worker-24] INFO  o.e.m.c.i.embedder.EclipseLogger - Copying 3 resources
2014-03-22 16:26:42,197 [Worker-26] INFO  o.e.m.c.i.embedder.EclipseLogger - Using 'UTF-8' encoding to copy filtered resources.
2014-03-22 16:26:42,197 [Worker-26] INFO  o.e.m.c.i.embedder.EclipseLogger - Copying 0 resource
2014-03-22 16:26:42,207 [Worker-26] INFO  o.e.m.c.i.embedder.EclipseLogger - Using 'UTF-8' encoding to copy filtered resources.
2014-03-22 16:26:42,208 [Worker-26] INFO  o.e.m.c.i.embedder.EclipseLogger - Copying 3 resources
2014-03-22 16:26:44,626 [Worker-24] INFO  o.e.m.c.i.embedder.EclipseLogger - Using 'UTF-8' encoding to copy filtered resources.
2014-03-22 16:26:44,627 [Worker-24] INFO  o.e.m.c.i.embedder.EclipseLogger - Copying 0 resource
2014-03-22 16:26:44,628 [Worker-24] INFO  o.e.m.c.i.embedder.EclipseLogger - Using 'UTF-8' encoding to copy filtered resources.
2014-03-22 16:26:44,628 [Worker-24] INFO  o.e.m.c.i.embedder.EclipseLogger - Copying 3 resources
2014-03-22 16:26:49,434 [Worker-29] INFO  o.e.m.c.i.embedder.EclipseLogger - Using 'UTF-8' encoding to copy filtered resources.
2014-03-22 16:26:49,435 [Worker-29] INFO  o.e.m.c.i.embedder.EclipseLogger - Copying 0 resource
2014-03-22 16:26:49,445 [Worker-29] INFO  o.e.m.c.i.embedder.EclipseLogger - Using 'UTF-8' encoding to copy filtered resources.
2014-03-22 16:26:49,455 [Worker-29] INFO  o.e.m.c.i.embedder.EclipseLogger - Copying 3 resources
2014-03-22 16:29:11,317 [Worker-25] INFO  o.e.m.c.i.embedder.EclipseLogger - Using 'UTF-8' encoding to copy filtered resources.
2014-03-22 16:29:11,317 [Worker-25] INFO  o.e.m.c.i.embedder.EclipseLogger - skip non existing resourceDirectory /home/vetsch/FAITH-ServerComponent/faith-domain/src/main/resources
2014-03-22 16:29:11,320 [Worker-25] INFO  o.e.m.c.i.embedder.EclipseLogger - Using 'UTF-8' encoding to copy filtered resources.
2014-03-22 16:29:11,320 [Worker-25] INFO  o.e.m.c.i.embedder.EclipseLogger - skip non existing resourceDirectory /home/vetsch/FAITH-ServerComponent/faith-domain/src/test/resources
2014-03-22 16:29:11,496 [Worker-25] INFO  o.e.m.c.i.embedder.EclipseLogger - Using 'UTF-8' encoding to copy filtered resources.
2014-03-22 16:29:11,497 [Worker-25] INFO  o.e.m.c.i.embedder.EclipseLogger - Copying 1 resource
2014-03-22 16:29:11,498 [Worker-25] INFO  o.e.m.c.i.embedder.EclipseLogger - Using 'UTF-8' encoding to copy filtered resources.
2014-03-22 16:29:11,499 [Worker-25] INFO  o.e.m.c.i.embedder.EclipseLogger - Copying 0 resource
2014-03-22 16:29:11,525 [Worker-25] INFO  o.e.m.c.i.embedder.EclipseLogger - Using 'UTF-8' encoding to copy filtered resources.
2014-03-22 16:29:11,525 [Worker-25] INFO  o.e.m.c.i.embedder.EclipseLogger - Copying 1 resource
2014-03-22 16:29:11,527 [Worker-25] INFO  o.e.m.c.i.embedder.EclipseLogger - Using 'UTF-8' encoding to copy filtered resources.
2014-03-22 16:29:11,527 [Worker-25] INFO  o.e.m.c.i.embedder.EclipseLogger - Copying 1 resource
2014-03-22 16:29:11,554 [Worker-25] INFO  o.e.m.c.i.embedder.EclipseLogger - Using 'UTF-8' encoding to copy filtered resources.
2014-03-22 16:29:11,554 [Worker-25] INFO  o.e.m.c.i.embedder.EclipseLogger - Copying 1 resource
2014-03-22 16:29:11,556 [Worker-25] INFO  o.e.m.c.i.embedder.EclipseLogger - Using 'UTF-8' encoding to copy filtered resources.
2014-03-22 16:29:11,556 [Worker-25] INFO  o.e.m.c.i.embedder.EclipseLogger - Copying 0 resource
2014-03-22 16:29:12,691 [Worker-22] INFO  o.e.m.c.i.embedder.EclipseLogger - Using 'UTF-8' encoding to copy filtered resources.
2014-03-22 16:29:12,691 [Worker-22] INFO  o.e.m.c.i.embedder.EclipseLogger - Copying 1 resource
2014-03-22 16:29:12,697 [Worker-22] INFO  o.e.m.c.i.embedder.EclipseLogger - Using 'UTF-8' encoding to copy filtered resources.
2014-03-22 16:29:12,697 [Worker-22] INFO  o.e.m.c.i.embedder.EclipseLogger - Copying 0 resource
2014-03-22 16:29:13,767 [Worker-29] INFO  o.e.m.c.i.embedder.EclipseLogger - Using 'UTF-8' encoding to copy filtered resources.
2014-03-22 16:29:13,767 [Worker-29] INFO  o.e.m.c.i.embedder.EclipseLogger - Copying 1 resource
2014-03-22 16:29:13,768 [Worker-29] INFO  o.e.m.c.i.embedder.EclipseLogger - Using 'UTF-8' encoding to copy filtered resources.
2014-03-22 16:29:13,769 [Worker-29] INFO  o.e.m.c.i.embedder.EclipseLogger - Copying 0 resource
2014-03-22 16:29:22,459 [Worker-28] INFO  o.e.m.c.i.embedder.EclipseLogger - Using 'UTF-8' encoding to copy filtered resources.
2014-03-22 16:29:22,460 [Worker-28] INFO  o.e.m.c.i.embedder.EclipseLogger - skip non existing resourceDirectory /home/vetsch/FAITH-ServerComponent/faith-domain/src/main/resources
2014-03-22 16:29:22,462 [Worker-28] INFO  o.e.m.c.i.embedder.EclipseLogger - Using 'UTF-8' encoding to copy filtered resources.
2014-03-22 16:29:22,462 [Worker-28] INFO  o.e.m.c.i.embedder.EclipseLogger - skip non existing resourceDirectory /home/vetsch/FAITH-ServerComponent/faith-domain/src/test/resources
2014-03-22 16:29:51,490 [Worker-24] INFO  o.e.m.c.i.embedder.EclipseLogger - Using 'UTF-8' encoding to copy filtered resources.
2014-03-22 16:29:51,490 [Worker-24] INFO  o.e.m.c.i.embedder.EclipseLogger - skip non existing resourceDirectory /home/vetsch/FAITH-ServerComponent/faith-domain/src/main/resources
2014-03-22 16:29:51,493 [Worker-24] INFO  o.e.m.c.i.embedder.EclipseLogger - Using 'UTF-8' encoding to copy filtered resources.
2014-03-22 16:29:51,493 [Worker-24] INFO  o.e.m.c.i.embedder.EclipseLogger - skip non existing resourceDirectory /home/vetsch/FAITH-ServerComponent/faith-domain/src/test/resources
2014-03-22 16:31:30,616 [Worker-24] INFO  o.e.m.c.i.embedder.EclipseLogger - Using 'UTF-8' encoding to copy filtered resources.
2014-03-22 16:31:30,616 [Worker-24] INFO  o.e.m.c.i.embedder.EclipseLogger - skip non existing resourceDirectory /home/vetsch/FAITH-ServerComponent/faith-domain/src/main/resources
2014-03-22 16:31:30,618 [Worker-24] INFO  o.e.m.c.i.embedder.EclipseLogger - Using 'UTF-8' encoding to copy filtered resources.
2014-03-22 16:31:30,618 [Worker-24] INFO  o.e.m.c.i.embedder.EclipseLogger - skip non existing resourceDirectory /home/vetsch/FAITH-ServerComponent/faith-domain/src/test/resources
2014-03-22 16:31:44,000 [Worker-22] INFO  o.e.m.c.i.embedder.EclipseLogger - Using 'UTF-8' encoding to copy filtered resources.
2014-03-22 16:31:44,001 [Worker-22] INFO  o.e.m.c.i.embedder.EclipseLogger - skip non existing resourceDirectory /home/vetsch/FAITH-ServerComponent/faith-domain/src/main/resources
2014-03-22 16:31:44,003 [Worker-22] INFO  o.e.m.c.i.embedder.EclipseLogger - Using 'UTF-8' encoding to copy filtered resources.
2014-03-22 16:31:44,003 [Worker-22] INFO  o.e.m.c.i.embedder.EclipseLogger - skip non existing resourceDirectory /home/vetsch/FAITH-ServerComponent/faith-domain/src/test/resources
2014-03-22 16:31:52,866 [Worker-24] INFO  o.e.m.c.i.embedder.EclipseLogger - Using 'UTF-8' encoding to copy filtered resources.
2014-03-22 16:31:52,866 [Worker-24] INFO  o.e.m.c.i.embedder.EclipseLogger - skip non existing resourceDirectory /home/vetsch/FAITH-ServerComponent/faith-domain/src/main/resources
2014-03-22 16:31:52,868 [Worker-24] INFO  o.e.m.c.i.embedder.EclipseLogger - Using 'UTF-8' encoding to copy filtered resources.
2014-03-22 16:31:52,869 [Worker-24] INFO  o.e.m.c.i.embedder.EclipseLogger - skip non existing resourceDirectory /home/vetsch/FAITH-ServerComponent/faith-domain/src/test/resources
2014-03-22 16:32:01,979 [Worker-27] INFO  o.e.m.c.i.embedder.EclipseLogger - Using 'UTF-8' encoding to copy filtered resources.
2014-03-22 16:32:01,980 [Worker-27] INFO  o.e.m.c.i.embedder.EclipseLogger - skip non existing resourceDirectory /home/vetsch/FAITH-ServerComponent/faith-domain/src/main/resources
2014-03-22 16:32:01,982 [Worker-27] INFO  o.e.m.c.i.embedder.EclipseLogger - Using 'UTF-8' encoding to copy filtered resources.
2014-03-22 16:32:01,982 [Worker-27] INFO  o.e.m.c.i.embedder.EclipseLogger - skip non existing resourceDirectory /home/vetsch/FAITH-ServerComponent/faith-domain/src/test/resources
2014-03-22 16:33:31,162 [Worker-26] INFO  o.e.m.c.i.embedder.EclipseLogger - Using 'UTF-8' encoding to copy filtered resources.
2014-03-22 16:33:31,162 [Worker-26] INFO  o.e.m.c.i.embedder.EclipseLogger - skip non existing resourceDirectory /home/vetsch/FAITH-ServerComponent/faith-domain/src/main/resources
2014-03-22 16:33:31,164 [Worker-26] INFO  o.e.m.c.i.embedder.EclipseLogger - Using 'UTF-8' encoding to copy filtered resources.
2014-03-22 16:33:31,164 [Worker-26] INFO  o.e.m.c.i.embedder.EclipseLogger - skip non existing resourceDirectory /home/vetsch/FAITH-ServerComponent/faith-domain/src/test/resources
2014-03-22 16:33:31,211 [Worker-26] INFO  o.e.m.c.i.embedder.EclipseLogger - Using 'UTF-8' encoding to copy filtered resources.
2014-03-22 16:33:31,212 [Worker-26] INFO  o.e.m.c.i.embedder.EclipseLogger - Copying 1 resource
2014-03-22 16:33:31,215 [Worker-26] INFO  o.e.m.c.i.embedder.EclipseLogger - Using 'UTF-8' encoding to copy filtered resources.
2014-03-22 16:33:31,216 [Worker-26] INFO  o.e.m.c.i.embedder.EclipseLogger - Copying 0 resource
2014-03-22 16:33:31,245 [Worker-26] INFO  o.e.m.c.i.embedder.EclipseLogger - Using 'UTF-8' encoding to copy filtered resources.
2014-03-22 16:33:31,245 [Worker-26] INFO  o.e.m.c.i.embedder.EclipseLogger - Copying 1 resource
2014-03-22 16:33:31,248 [Worker-26] INFO  o.e.m.c.i.embedder.EclipseLogger - Using 'UTF-8' encoding to copy filtered resources.
2014-03-22 16:33:31,248 [Worker-26] INFO  o.e.m.c.i.embedder.EclipseLogger - Copying 0 resource
2014-03-22 16:33:31,276 [Worker-26] INFO  o.e.m.c.i.embedder.EclipseLogger - Using 'UTF-8' encoding to copy filtered resources.
2014-03-22 16:33:31,276 [Worker-26] INFO  o.e.m.c.i.embedder.EclipseLogger - Copying 1 resource
2014-03-22 16:33:31,278 [Worker-26] INFO  o.e.m.c.i.embedder.EclipseLogger - Using 'UTF-8' encoding to copy filtered resources.
2014-03-22 16:33:31,278 [Worker-26] INFO  o.e.m.c.i.embedder.EclipseLogger - Copying 0 resource
2014-03-22 16:33:37,671 [Worker-25] INFO  o.e.m.c.i.embedder.EclipseLogger - Using 'UTF-8' encoding to copy filtered resources.
2014-03-22 16:33:37,671 [Worker-25] INFO  o.e.m.c.i.embedder.EclipseLogger - skip non existing resourceDirectory /home/vetsch/FAITH-ServerComponent/faith-domain/src/main/resources
2014-03-22 16:33:37,673 [Worker-25] INFO  o.e.m.c.i.embedder.EclipseLogger - Using 'UTF-8' encoding to copy filtered resources.
2014-03-22 16:33:37,674 [Worker-25] INFO  o.e.m.c.i.embedder.EclipseLogger - skip non existing resourceDirectory /home/vetsch/FAITH-ServerComponent/faith-domain/src/test/resources
2014-03-22 16:33:41,571 [Worker-29] INFO  o.e.m.c.i.embedder.EclipseLogger - Using 'UTF-8' encoding to copy filtered resources.
2014-03-22 16:33:41,571 [Worker-29] INFO  o.e.m.c.i.embedder.EclipseLogger - skip non existing resourceDirectory /home/vetsch/FAITH-ServerComponent/faith-domain/src/main/resources
2014-03-22 16:33:41,573 [Worker-29] INFO  o.e.m.c.i.embedder.EclipseLogger - Using 'UTF-8' encoding to copy filtered resources.
2014-03-22 16:33:41,573 [Worker-29] INFO  o.e.m.c.i.embedder.EclipseLogger - skip non existing resourceDirectory /home/vetsch/FAITH-ServerComponent/faith-domain/src/test/resources
2014-03-22 16:36:38,413 [Worker-26] INFO  o.e.m.c.i.embedder.EclipseLogger - Using 'UTF-8' encoding to copy filtered resources.
2014-03-22 16:36:38,413 [Worker-26] INFO  o.e.m.c.i.embedder.EclipseLogger - Copying 0 resource
2014-03-22 16:36:38,416 [Worker-26] INFO  o.e.m.c.i.embedder.EclipseLogger - Using 'UTF-8' encoding to copy filtered resources.
2014-03-22 16:36:38,417 [Worker-26] INFO  o.e.m.c.i.embedder.EclipseLogger - Copying 3 resources
2014-03-22 16:37:10,675 [Worker-22] INFO  o.e.m.c.i.embedder.EclipseLogger - Using 'UTF-8' encoding to copy filtered resources.
2014-03-22 16:37:10,675 [Worker-22] INFO  o.e.m.c.i.embedder.EclipseLogger - Copying 0 resource
2014-03-22 16:37:10,677 [Worker-22] INFO  o.e.m.c.i.embedder.EclipseLogger - Using 'UTF-8' encoding to copy filtered resources.
2014-03-22 16:37:10,677 [Worker-22] INFO  o.e.m.c.i.embedder.EclipseLogger - Copying 3 resources
2014-03-22 16:37:42,731 [Worker-24] INFO  o.e.m.c.i.embedder.EclipseLogger - Using 'UTF-8' encoding to copy filtered resources.
2014-03-22 16:37:42,732 [Worker-24] INFO  o.e.m.c.i.embedder.EclipseLogger - Copying 0 resource
2014-03-22 16:37:42,733 [Worker-24] INFO  o.e.m.c.i.embedder.EclipseLogger - Using 'UTF-8' encoding to copy filtered resources.
2014-03-22 16:37:42,734 [Worker-24] INFO  o.e.m.c.i.embedder.EclipseLogger - Copying 3 resources
2014-03-22 16:37:56,615 [Worker-27] INFO  o.e.m.c.i.embedder.EclipseLogger - Using 'UTF-8' encoding to copy filtered resources.
2014-03-22 16:37:56,615 [Worker-27] INFO  o.e.m.c.i.embedder.EclipseLogger - Copying 0 resource
2014-03-22 16:37:56,616 [Worker-27] INFO  o.e.m.c.i.embedder.EclipseLogger - Using 'UTF-8' encoding to copy filtered resources.
2014-03-22 16:37:56,617 [Worker-27] INFO  o.e.m.c.i.embedder.EclipseLogger - Copying 3 resources
2014-03-22 16:38:34,626 [Worker-30] INFO  o.e.m.c.i.embedder.EclipseLogger - Using 'UTF-8' encoding to copy filtered resources.
2014-03-22 16:38:34,627 [Worker-30] INFO  o.e.m.c.i.embedder.EclipseLogger - Copying 0 resource
2014-03-22 16:38:34,629 [Worker-30] INFO  o.e.m.c.i.embedder.EclipseLogger - Using 'UTF-8' encoding to copy filtered resources.
2014-03-22 16:38:34,630 [Worker-30] INFO  o.e.m.c.i.embedder.EclipseLogger - Copying 3 resources
2014-03-22 16:38:47,126 [Worker-31] INFO  o.e.m.c.i.embedder.EclipseLogger - Using 'UTF-8' encoding to copy filtered resources.
2014-03-22 16:38:47,127 [Worker-31] INFO  o.e.m.c.i.embedder.EclipseLogger - Copying 0 resource
2014-03-22 16:38:47,128 [Worker-31] INFO  o.e.m.c.i.embedder.EclipseLogger - Using 'UTF-8' encoding to copy filtered resources.
2014-03-22 16:38:47,128 [Worker-31] INFO  o.e.m.c.i.embedder.EclipseLogger - Copying 3 resources
